<!DOCTYPE html>
<html>
  <head>
    <meta charset="utf-8"/>
    <title>Test Report</title>
    <link href="assets/style.css" rel="stylesheet" type="text/css"/></head>
  <body onLoad="init()">
    <script>/* This Source Code Form is subject to the terms of the Mozilla Public
 * License, v. 2.0. If a copy of the MPL was not distributed with this file,
 * You can obtain one at http://mozilla.org/MPL/2.0/. */


function toArray(iter) {
    if (iter === null) {
        return null;
    }
    return Array.prototype.slice.call(iter);
}

function find(selector, elem) {
    if (!elem) {
        elem = document;
    }
    return elem.querySelector(selector);
}

function find_all(selector, elem) {
    if (!elem) {
        elem = document;
    }
    return toArray(elem.querySelectorAll(selector));
}

function sort_column(elem) {
    toggle_sort_states(elem);
    var colIndex = toArray(elem.parentNode.childNodes).indexOf(elem);
    var key;
    if (elem.classList.contains('numeric')) {
        key = key_num;
    } else if (elem.classList.contains('result')) {
        key = key_result;
    } else {
        key = key_alpha;
    }
    sort_table(elem, key(colIndex));
}

function show_all_extras() {
    find_all('.col-result').forEach(show_extras);
}

function hide_all_extras() {
    find_all('.col-result').forEach(hide_extras);
}

function show_extras(colresult_elem) {
    var extras = colresult_elem.parentNode.nextElementSibling;
    var expandcollapse = colresult_elem.firstElementChild;
    extras.classList.remove("collapsed");
    expandcollapse.classList.remove("expander");
    expandcollapse.classList.add("collapser");
}

function hide_extras(colresult_elem) {
    var extras = colresult_elem.parentNode.nextElementSibling;
    var expandcollapse = colresult_elem.firstElementChild;
    extras.classList.add("collapsed");
    expandcollapse.classList.remove("collapser");
    expandcollapse.classList.add("expander");
}

function show_filters() {
    var filter_items = document.getElementsByClassName('filter');
    for (var i = 0; i < filter_items.length; i++)
        filter_items[i].hidden = false;
}

function add_collapse() {
    // Add links for show/hide all
    var resulttable = find('table#results-table');
    var showhideall = document.createElement("p");
    showhideall.innerHTML = '<a href="javascript:show_all_extras()">Show all details</a> / ' +
                            '<a href="javascript:hide_all_extras()">Hide all details</a>';
    resulttable.parentElement.insertBefore(showhideall, resulttable);

    // Add show/hide link to each result
    find_all('.col-result').forEach(function(elem) {
        var collapsed = get_query_parameter('collapsed') || 'Passed';
        var extras = elem.parentNode.nextElementSibling;
        var expandcollapse = document.createElement("span");
        if (extras.classList.contains("collapsed")) {
            expandcollapse.classList.add("expander")
        } else if (collapsed.includes(elem.innerHTML)) {
            extras.classList.add("collapsed");
            expandcollapse.classList.add("expander");
        } else {
            expandcollapse.classList.add("collapser");
        }
        elem.appendChild(expandcollapse);

        elem.addEventListener("click", function(event) {
            if (event.currentTarget.parentNode.nextElementSibling.classList.contains("collapsed")) {
                show_extras(event.currentTarget);
            } else {
                hide_extras(event.currentTarget);
            }
        });
    })
}

function get_query_parameter(name) {
    var match = RegExp('[?&]' + name + '=([^&]*)').exec(window.location.search);
    return match && decodeURIComponent(match[1].replace(/\+/g, ' '));
}

function init () {
    reset_sort_headers();

    add_collapse();

    show_filters();

    sort_column(find('.initial-sort'));

    find_all('.sortable').forEach(function(elem) {
        elem.addEventListener("click",
                              function(event) {
                                  sort_column(elem);
                              }, false)
    });

};

function sort_table(clicked, key_func) {
    var rows = find_all('.results-table-row');
    var reversed = !clicked.classList.contains('asc');
    var sorted_rows = sort(rows, key_func, reversed);
    /* Whole table is removed here because browsers acts much slower
     * when appending existing elements.
     */
    var thead = document.getElementById("results-table-head");
    document.getElementById('results-table').remove();
    var parent = document.createElement("table");
    parent.id = "results-table";
    parent.appendChild(thead);
    sorted_rows.forEach(function(elem) {
        parent.appendChild(elem);
    });
    document.getElementsByTagName("BODY")[0].appendChild(parent);
}

function sort(items, key_func, reversed) {
    var sort_array = items.map(function(item, i) {
        return [key_func(item), i];
    });

    sort_array.sort(function(a, b) {
        var key_a = a[0];
        var key_b = b[0];

        if (key_a == key_b) return 0;

        if (reversed) {
            return (key_a < key_b ? 1 : -1);
        } else {
            return (key_a > key_b ? 1 : -1);
        }
    });

    return sort_array.map(function(item) {
        var index = item[1];
        return items[index];
    });
}

function key_alpha(col_index) {
    return function(elem) {
        return elem.childNodes[1].childNodes[col_index].firstChild.data.toLowerCase();
    };
}

function key_num(col_index) {
    return function(elem) {
        return parseFloat(elem.childNodes[1].childNodes[col_index].firstChild.data);
    };
}

function key_result(col_index) {
    return function(elem) {
        var strings = ['Error', 'Failed', 'Rerun', 'XFailed', 'XPassed',
                       'Skipped', 'Passed'];
        return strings.indexOf(elem.childNodes[1].childNodes[col_index].firstChild.data);
    };
}

function reset_sort_headers() {
    find_all('.sort-icon').forEach(function(elem) {
        elem.parentNode.removeChild(elem);
    });
    find_all('.sortable').forEach(function(elem) {
        var icon = document.createElement("div");
        icon.className = "sort-icon";
        icon.textContent = "vvv";
        elem.insertBefore(icon, elem.firstChild);
        elem.classList.remove("desc", "active");
        elem.classList.add("asc", "inactive");
    });
}

function toggle_sort_states(elem) {
    //if active, toggle between asc and desc
    if (elem.classList.contains('active')) {
        elem.classList.toggle('asc');
        elem.classList.toggle('desc');
    }

    //if inactive, reset all other functions and add ascending active
    if (elem.classList.contains('inactive')) {
        reset_sort_headers();
        elem.classList.remove('inactive');
        elem.classList.add('active');
    }
}

function is_all_rows_hidden(value) {
  return value.hidden == false;
}

function filter_table(elem) {
    var outcome_att = "data-test-result";
    var outcome = elem.getAttribute(outcome_att);
    class_outcome = outcome + " results-table-row";
    var outcome_rows = document.getElementsByClassName(class_outcome);

    for(var i = 0; i < outcome_rows.length; i++){
        outcome_rows[i].hidden = !elem.checked;
    }

    var rows = find_all('.results-table-row').filter(is_all_rows_hidden);
    var all_rows_hidden = rows.length == 0 ? true : false;
    var not_found_message = document.getElementById("not-found-message");
    not_found_message.hidden = !all_rows_hidden;
}
</script>
    <h1>reports.html</h1>
    <p>Report generated on 12-Mar-2021 at 12:05:40 by <a href="https://pypi.python.org/pypi/pytest-html">pytest-html</a> v2.1.1</p>
    <h2>Environment</h2>
    <table id="environment">
      <tr>
        <td>BUILD_ID</td>
        <td>5</td></tr>
      <tr>
        <td>BUILD_NUMBER</td>
        <td>5</td></tr>
      <tr>
        <td>BUILD_TAG</td>
        <td>jenkins-The Internet Herokuapp Website-5</td></tr>
      <tr>
        <td>BUILD_URL</td>
        <td><a href="http://localhost:8080/job/The%20Internet%20Herokuapp%20Website/5/" target="_blank">http://localhost:8080/job/The%20Internet%20Herokuapp%20Website/5/</a></td></tr>
      <tr>
        <td>EXECUTOR_NUMBER</td>
        <td>1</td></tr>
      <tr>
        <td>JAVA_HOME</td>
        <td>C:\Program Files\Java\jdk-11.0.8</td></tr>
      <tr>
        <td>JENKINS_URL</td>
        <td><a href="http://localhost:8080/" target="_blank">http://localhost:8080/</a></td></tr>
      <tr>
        <td>JOB_NAME</td>
        <td>The Internet Herokuapp Website</td></tr>
      <tr>
        <td>NODE_NAME</td>
        <td>master</td></tr>
      <tr>
        <td>Packages</td>
        <td>{"pluggy": "0.13.1", "py": "1.9.0", "pytest": "6.0.1"}</td></tr>
      <tr>
        <td>Platform</td>
        <td>Windows-10-10.0.19041-SP0</td></tr>
      <tr>
        <td>Plugins</td>
        <td>{"html": "2.1.1", "metadata": "1.10.0"}</td></tr>
      <tr>
        <td>Python</td>
        <td>3.7.4</td></tr>
      <tr>
        <td>WORKSPACE</td>
        <td>D:\GitHub\Python\Selenium\the_internet_herokuapp_website</td></tr></table>
    <h2>Summary</h2>
    <p>45 tests ran in 428.40 seconds. </p>
    <p class="filter" hidden="true">(Un)check the boxes to filter the results.</p><input checked="true" class="filter" data-test-result="passed" hidden="true" name="filter_checkbox" onChange="filter_table(this)" type="checkbox"/><span class="passed">28 passed</span>, <input checked="true" class="filter" data-test-result="skipped" disabled="true" hidden="true" name="filter_checkbox" onChange="filter_table(this)" type="checkbox"/><span class="skipped">0 skipped</span>, <input checked="true" class="filter" data-test-result="failed" hidden="true" name="filter_checkbox" onChange="filter_table(this)" type="checkbox"/><span class="failed">17 failed</span>, <input checked="true" class="filter" data-test-result="error" disabled="true" hidden="true" name="filter_checkbox" onChange="filter_table(this)" type="checkbox"/><span class="error">0 errors</span>, <input checked="true" class="filter" data-test-result="xfailed" disabled="true" hidden="true" name="filter_checkbox" onChange="filter_table(this)" type="checkbox"/><span class="xfailed">0 expected failures</span>, <input checked="true" class="filter" data-test-result="xpassed" disabled="true" hidden="true" name="filter_checkbox" onChange="filter_table(this)" type="checkbox"/><span class="xpassed">0 unexpected passes</span>
    <h2>Results</h2>
    <table id="results-table">
      <thead id="results-table-head">
        <tr>
          <th class="sortable result initial-sort" col="result">Result</th>
          <th class="sortable" col="name">Test</th>
          <th class="sortable numeric" col="duration">Duration</th>
          <th>Links</th></tr>
        <tr hidden="true" id="not-found-message">
          <th colspan="4">No results found. Try to check the filters</th></tr></thead>
      <tbody class="failed results-table-row">
        <tr>
          <td class="col-result">Failed</td>
          <td class="col-name">test_End_To_End.py::TestChallengingDOM::test_challenging_dom</td>
          <td class="col-duration">1.65</td>
          <td class="col-links"></td></tr>
        <tr>
          <td class="extra" colspan="4">
            <div><div><img src="test_End_To_End.py_TestChallengingDOM_test_challenging_dom_%(date).png" alt="screenshot" style="width:304px;height:228px;" onclick="window.open(this.src)" align="right"/></div></div>
            <div class="log">self = &lt;tests.test_Page_ChallengingDOM.TestChallengingDOM object at 0x000001B1D17DE3C8&gt;<br/><br/>    def test_challenging_dom(self):<br/>        # Enter the Page<br/>        log = self.getLogger()<br/>        challenging_dom_page = ChallengingDomPage(self.driver)<br/>        log.info(&quot;TEST START&quot;)<br/>        challenging_dom_page.challengingDom_LinkText().click()<br/>    <br/>    <br/>        # Verify the URL<br/>        url = self.driver.current_url<br/>        assert url == &quot;https://the-internet.herokuapp.com/challenging_dom&quot;<br/>        log.info(&quot;URL: &quot; + url)<br/>    <br/>    <br/>        # Verify the Header<br/>        header_text = challenging_dom_page.challengingDom_HeaderText().text<br/>        assert (&quot;Challenging DOM&quot; in header_text)<br/>        log.info(&quot;Header: &quot; + header_text)<br/>    <br/>    <br/>        # todo - Verify Blue Button<br/>        before = challenging_dom_page.challenging_ButtonBlue().text<br/>        challenging_dom_page.challenging_ButtonBlue().click()<br/>        after = challenging_dom_page.challenging_ButtonBlue().text<br/>        assert before != after<br/>        log.info(&quot;Blue Button: &quot; + before + &quot;-&quot; + after)<br/>    <br/>    <br/>        # todo - Verify Red Button<br/>        before = challenging_dom_page.challenging_ButtonRed().text<br/>        challenging_dom_page.challenging_ButtonRed().click()<br/>        after = challenging_dom_page.challenging_ButtonRed().text<br/>        assert before != after<br/>        log.info(&quot;Red Button: &quot; + before + &quot;-&quot; + after)<br/>    <br/>    <br/>        # todo - Verify Green Button<br/>        before = challenging_dom_page.challenging_ButtonGreen().text<br/>        challenging_dom_page.challenging_ButtonGreen().click()<br/>        after = challenging_dom_page.challenging_ButtonGreen().text<br/>&gt;       assert before != after<br/><span class="error">E       AssertionError: assert &#x27;baz&#x27; != &#x27;baz&#x27;</span><br/><br/>test_Page_ChallengingDOM.py:55: AssertionError<br/> -------------------------------Captured log call-------------------------------- <br/>INFO     test_challenging_dom:test_Page_ChallengingDOM.py:19 TEST START
INFO     test_challenging_dom:test_Page_ChallengingDOM.py:26 URL: https://the-internet.herokuapp.com/challenging_dom
INFO     test_challenging_dom:test_Page_ChallengingDOM.py:32 Header: Challenging DOM
INFO     test_challenging_dom:test_Page_ChallengingDOM.py:40 Blue Button: baz-qux
INFO     test_challenging_dom:test_Page_ChallengingDOM.py:48 Red Button: foo-baz<br/></div></td></tr></tbody>
      <tbody class="failed results-table-row">
        <tr>
          <td class="col-result">Failed</td>
          <td class="col-name">test_End_To_End.py::TestContextMenu::test_contex_menu</td>
          <td class="col-duration">10.69</td>
          <td class="col-links"></td></tr>
        <tr>
          <td class="extra" colspan="4">
            <div><div><img src="test_End_To_End.py_TestContextMenu_test_contex_menu_%(date).png" alt="screenshot" style="width:304px;height:228px;" onclick="window.open(this.src)" align="right"/></div></div>
            <div class="log">self = &lt;tests.test_Page_ContextMenu.TestContextMenu object at 0x000001B1D1806388&gt;<br/><br/>    def test_contex_menu(self):<br/>        # Enter the Page<br/>        log = self.getLogger()<br/>        contextmenu_page = ContextMenuPage(self.driver)<br/>        log.info(&quot;TEST START&quot;)<br/>        contextmenu_page.contextMenu_LinkText().click()<br/>    <br/>    <br/>        # Verify the URL<br/>        url = self.driver.current_url<br/>        assert url == &quot;https://the-internet.herokuapp.com/context_menu&quot;<br/>        log.info(&quot;URL: &quot; + url)<br/>    <br/>    <br/>        # Verify the Header<br/>        header_text = contextmenu_page.contextMenu_HeaderText().text<br/>        assert (&quot;Context Menu&quot; in header_text)<br/>        log.info(&quot;Header: &quot; + header_text)<br/>    <br/>        # Grab page handle<br/>        window_before = self.driver.window_handles[0]      # Page window<br/>    <br/>    <br/>        # Right click Context box &amp; Verify Alert message<br/>        action = ActionChains(self.driver)<br/>        action.context_click(contextmenu_page.contextMenu_RightClickBox()).perform()<br/>        # time.sleep(5)<br/>    <br/>        # Verify Alert message &amp; Dismiss alert box<br/>        alert = self.driver.switch_to.alert<br/>        alertText = alert.text<br/>        assert (&#x27;You selected a context menu&#x27; in alertText)<br/>        log.info(&quot;Alert Text: &quot; + alertText)<br/>        time.sleep(5)<br/>        alert.accept()<br/>        time.sleep(5)<br/>    <br/>    <br/>        # todo - Verify &amp; Dismiss popup box<br/>&gt;       window_after = self.driver.window_handles[1]       # Popup window<br/><span class="error">E       IndexError: list index out of range</span><br/><br/>test_Page_ContextMenu.py:57: IndexError<br/> -------------------------------Captured log call-------------------------------- <br/>INFO     test_contex_menu:test_Page_ContextMenu.py:22 TEST START
INFO     test_contex_menu:test_Page_ContextMenu.py:29 URL: https://the-internet.herokuapp.com/context_menu
INFO     test_contex_menu:test_Page_ContextMenu.py:35 Header: Context Menu
INFO     test_contex_menu:test_Page_ContextMenu.py:50 Alert Text: You selected a context menu<br/></div></td></tr></tbody>
      <tbody class="failed results-table-row">
        <tr>
          <td class="col-result">Failed</td>
          <td class="col-name">test_End_To_End.py::TestDigestAuth::test_digest_auth</td>
          <td class="col-duration">0.30</td>
          <td class="col-links"></td></tr>
        <tr>
          <td class="extra" colspan="4">
            <div><div><img src="test_End_To_End.py_TestDigestAuth_test_digest_auth_%(date).png" alt="screenshot" style="width:304px;height:228px;" onclick="window.open(this.src)" align="right"/></div></div>
            <div class="log">self = &lt;tests.test_Page_DigestAuth.TestDigestAuth object at 0x000001B1D1800888&gt;<br/><br/>    def test_digest_auth(self):<br/>        # Enter the Page<br/>        log = self.getLogger()<br/>        digestauth_page = DigestAuthPage(self.driver)<br/>        log.info(&quot;TEST START&quot;)<br/>        digestauth_page.digestAuth_LinkText().click()<br/>    <br/>    <br/>        # Verify the URL<br/>        url = self.driver.current_url<br/>        assert url == &quot;https://the-internet.herokuapp.com/digest_auth&quot;<br/>        log.info(&quot;URL: &quot; + url)<br/>    <br/>    <br/>        # Verify the Header<br/>&gt;       header_text = digestauth_page.digestAuth_HeaderText().text<br/><br/>test_Page_DigestAuth.py:32: <br/>_ _ _ _ _ _ _ _ _ _ _ _ _ _ _ _ _ _ _ _ _ _ _ _ _ _ _ _ _ _ _ _ _ _ _ _ _ _ _ _<br/>..\pageObjects\DigestAuthPage.py:32: in digestAuth_HeaderText<br/>    return self.driver.find_element(*DigestAuthPage.digest_Header)<br/>c:\users\chris_000\appdata\local\programs\python\python37\lib\site-packages\selenium\webdriver\remote\webdriver.py:978: in find_element<br/>    &#x27;value&#x27;: value})[&#x27;value&#x27;]<br/>c:\users\chris_000\appdata\local\programs\python\python37\lib\site-packages\selenium\webdriver\remote\webdriver.py:321: in execute<br/>    self.error_handler.check_response(response)<br/>_ _ _ _ _ _ _ _ _ _ _ _ _ _ _ _ _ _ _ _ _ _ _ _ _ _ _ _ _ _ _ _ _ _ _ _ _ _ _ _<br/><br/>self = &lt;selenium.webdriver.remote.errorhandler.ErrorHandler object at 0x000001B1D1804808&gt;<br/>response = {&#x27;status&#x27;: 404, &#x27;value&#x27;: &#x27;{&quot;value&quot;:{&quot;error&quot;:&quot;no such element&quot;,&quot;message&quot;:&quot;no such element: Unable to locate element: {\...\n\\tRtlGetAppContainerNamedObjectPath [0x778D7C7E+286]\\n\\tRtlGetAppContainerNamedObjectPath [0x778D7C4E+238]\\n&quot;}}&#x27;}<br/><br/>    def check_response(self, response):<br/>        &quot;&quot;&quot;<br/>        Checks that a JSON response from the WebDriver does not have an error.<br/>    <br/>        :Args:<br/>         - response - The JSON response from the WebDriver server as a dictionary<br/>           object.<br/>    <br/>        :Raises: If the response contains an error message.<br/>        &quot;&quot;&quot;<br/>        status = response.get(&#x27;status&#x27;, None)<br/>        if status is None or status == ErrorCode.SUCCESS:<br/>            return<br/>        value = None<br/>        message = response.get(&quot;message&quot;, &quot;&quot;)<br/>        screen = response.get(&quot;screen&quot;, &quot;&quot;)<br/>        stacktrace = None<br/>        if isinstance(status, int):<br/>            value_json = response.get(&#x27;value&#x27;, None)<br/>            if value_json and isinstance(value_json, basestring):<br/>                import json<br/>                try:<br/>                    value = json.loads(value_json)<br/>                    if len(value.keys()) == 1:<br/>                        value = value[&#x27;value&#x27;]<br/>                    status = value.get(&#x27;error&#x27;, None)<br/>                    if status is None:<br/>                        status = value[&quot;status&quot;]<br/>                        message = value[&quot;value&quot;]<br/>                        if not isinstance(message, basestring):<br/>                            value = message<br/>                            message = message.get(&#x27;message&#x27;)<br/>                    else:<br/>                        message = value.get(&#x27;message&#x27;, None)<br/>                except ValueError:<br/>                    pass<br/>    <br/>        exception_class = ErrorInResponseException<br/>        if status in ErrorCode.NO_SUCH_ELEMENT:<br/>            exception_class = NoSuchElementException<br/>        elif status in ErrorCode.NO_SUCH_FRAME:<br/>            exception_class = NoSuchFrameException<br/>        elif status in ErrorCode.NO_SUCH_WINDOW:<br/>            exception_class = NoSuchWindowException<br/>        elif status in ErrorCode.STALE_ELEMENT_REFERENCE:<br/>            exception_class = StaleElementReferenceException<br/>        elif status in ErrorCode.ELEMENT_NOT_VISIBLE:<br/>            exception_class = ElementNotVisibleException<br/>        elif status in ErrorCode.INVALID_ELEMENT_STATE:<br/>            exception_class = InvalidElementStateException<br/>        elif status in ErrorCode.INVALID_SELECTOR \<br/>                or status in ErrorCode.INVALID_XPATH_SELECTOR \<br/>                or status in ErrorCode.INVALID_XPATH_SELECTOR_RETURN_TYPER:<br/>            exception_class = InvalidSelectorException<br/>        elif status in ErrorCode.ELEMENT_IS_NOT_SELECTABLE:<br/>            exception_class = ElementNotSelectableException<br/>        elif status in ErrorCode.ELEMENT_NOT_INTERACTABLE:<br/>            exception_class = ElementNotInteractableException<br/>        elif status in ErrorCode.INVALID_COOKIE_DOMAIN:<br/>            exception_class = InvalidCookieDomainException<br/>        elif status in ErrorCode.UNABLE_TO_SET_COOKIE:<br/>            exception_class = UnableToSetCookieException<br/>        elif status in ErrorCode.TIMEOUT:<br/>            exception_class = TimeoutException<br/>        elif status in ErrorCode.SCRIPT_TIMEOUT:<br/>            exception_class = TimeoutException<br/>        elif status in ErrorCode.UNKNOWN_ERROR:<br/>            exception_class = WebDriverException<br/>        elif status in ErrorCode.UNEXPECTED_ALERT_OPEN:<br/>            exception_class = UnexpectedAlertPresentException<br/>        elif status in ErrorCode.NO_ALERT_OPEN:<br/>            exception_class = NoAlertPresentException<br/>        elif status in ErrorCode.IME_NOT_AVAILABLE:<br/>            exception_class = ImeNotAvailableException<br/>        elif status in ErrorCode.IME_ENGINE_ACTIVATION_FAILED:<br/>            exception_class = ImeActivationFailedException<br/>        elif status in ErrorCode.MOVE_TARGET_OUT_OF_BOUNDS:<br/>            exception_class = MoveTargetOutOfBoundsException<br/>        elif status in ErrorCode.JAVASCRIPT_ERROR:<br/>            exception_class = JavascriptException<br/>        elif status in ErrorCode.SESSION_NOT_CREATED:<br/>            exception_class = SessionNotCreatedException<br/>        elif status in ErrorCode.INVALID_ARGUMENT:<br/>            exception_class = InvalidArgumentException<br/>        elif status in ErrorCode.NO_SUCH_COOKIE:<br/>            exception_class = NoSuchCookieException<br/>        elif status in ErrorCode.UNABLE_TO_CAPTURE_SCREEN:<br/>            exception_class = ScreenshotException<br/>        elif status in ErrorCode.ELEMENT_CLICK_INTERCEPTED:<br/>            exception_class = ElementClickInterceptedException<br/>        elif status in ErrorCode.INSECURE_CERTIFICATE:<br/>            exception_class = InsecureCertificateException<br/>        elif status in ErrorCode.INVALID_COORDINATES:<br/>            exception_class = InvalidCoordinatesException<br/>        elif status in ErrorCode.INVALID_SESSION_ID:<br/>            exception_class = InvalidSessionIdException<br/>        elif status in ErrorCode.UNKNOWN_METHOD:<br/>            exception_class = UnknownMethodException<br/>        else:<br/>            exception_class = WebDriverException<br/>        if value == &#x27;&#x27; or value is None:<br/>            value = response[&#x27;value&#x27;]<br/>        if isinstance(value, basestring):<br/>            if exception_class == ErrorInResponseException:<br/>                raise exception_class(response, value)<br/>            raise exception_class(value)<br/>        if message == &quot;&quot; and &#x27;message&#x27; in value:<br/>            message = value[&#x27;message&#x27;]<br/>    <br/>        screen = None<br/>        if &#x27;screen&#x27; in value:<br/>            screen = value[&#x27;screen&#x27;]<br/>    <br/>        stacktrace = None<br/>        if &#x27;stackTrace&#x27; in value and value[&#x27;stackTrace&#x27;]:<br/>            stacktrace = []<br/>            try:<br/>                for frame in value[&#x27;stackTrace&#x27;]:<br/>                    line = self._value_or_default(frame, &#x27;lineNumber&#x27;, &#x27;&#x27;)<br/>                    file = self._value_or_default(frame, &#x27;fileName&#x27;, &#x27;&lt;anonymous&gt;&#x27;)<br/>                    if line:<br/>                        file = &quot;%s:%s&quot; % (file, line)<br/>                    meth = self._value_or_default(frame, &#x27;methodName&#x27;, &#x27;&lt;anonymous&gt;&#x27;)<br/>                    if &#x27;className&#x27; in frame:<br/>                        meth = &quot;%s.%s&quot; % (frame[&#x27;className&#x27;], meth)<br/>                    msg = &quot;    at %s (%s)&quot;<br/>                    msg = msg % (meth, file)<br/>                    stacktrace.append(msg)<br/>            except TypeError:<br/>                pass<br/>        if exception_class == ErrorInResponseException:<br/>            raise exception_class(response, message)<br/>        elif exception_class == UnexpectedAlertPresentException:<br/>            alert_text = None<br/>            if &#x27;data&#x27; in value:<br/>                alert_text = value[&#x27;data&#x27;].get(&#x27;text&#x27;)<br/>            elif &#x27;alert&#x27; in value:<br/>                alert_text = value[&#x27;alert&#x27;].get(&#x27;text&#x27;)<br/>            raise exception_class(message, screen, stacktrace, alert_text)<br/>&gt;       raise exception_class(message, screen, stacktrace)<br/><span class="error">E       selenium.common.exceptions.NoSuchElementException: Message: no such element: Unable to locate element: {&quot;method&quot;:&quot;xpath&quot;,&quot;selector&quot;:&quot;//h3[text()=&#x27;xxxxx&#x27;]&quot;}</span><br/><span class="error">E         (Session info: chrome=89.0.4389.82)</span><br/><br/>c:\users\chris_000\appdata\local\programs\python\python37\lib\site-packages\selenium\webdriver\remote\errorhandler.py:242: NoSuchElementException<br/> -------------------------------Captured log call-------------------------------- <br/>INFO     test_digest_auth:test_Page_DigestAuth.py:21 TEST START
INFO     test_digest_auth:test_Page_DigestAuth.py:28 URL: https://the-internet.herokuapp.com/digest_auth<br/></div></td></tr></tbody>
      <tbody class="failed results-table-row">
        <tr>
          <td class="col-result">Failed</td>
          <td class="col-name">test_End_To_End.py::TestDragDrop::test_drag_and_drop</td>
          <td class="col-duration">57.62</td>
          <td class="col-links"></td></tr>
        <tr>
          <td class="extra" colspan="4">
            <div><div><img src="test_End_To_End.py_TestDragDrop_test_drag_and_drop_%(date).png" alt="screenshot" style="width:304px;height:228px;" onclick="window.open(this.src)" align="right"/></div></div>
            <div class="log">self = &lt;tests.test_Page_DragDrop.TestDragDrop object at 0x000001B1D172CAC8&gt;<br/><br/>    def test_drag_and_drop(self):<br/>    <br/>        # Enter the Page<br/>        log = self.getLogger()<br/>        dragdrop_page = DragDropPage(self.driver)<br/>        log.info(&quot;TEST START&quot;)<br/>        dragdrop_page.dragDrop_LinkText().click()<br/>    <br/>    <br/>        # Verify the URL<br/>        url = self.driver.current_url<br/>        assert url == &quot;https://the-internet.herokuapp.com/drag_and_drop&quot;<br/>        log.info(&quot;URL: &quot; + url)<br/>    <br/>    <br/>        # Verify the Header<br/>        header_text = dragdrop_page.dragDrop_HeaderText().text<br/>        assert (&quot;Drag and Drop&quot; in header_text)<br/>        log.info(&quot;Header: &quot; + header_text)<br/>    <br/>    <br/>    <br/>        # todo - Verify drag A to B<br/>        boxA = dragdrop_page.dragDrop_Box_A()<br/>        boxB = dragdrop_page.dragDrop_Box_B()<br/>        boxA_text = dragdrop_page.dragDrop_Box_A().text<br/>        boxB_text = dragdrop_page.dragDrop_Box_B().text<br/>    <br/>        log.info(&quot;a = &quot; + boxA_text + &quot; &amp; &quot; + &quot;b = &quot; + boxB_text)   # quick check<br/>    <br/>        action = ActionChains(self.driver)<br/>        action.click_and_hold(boxA).pause(3).move_to_element(boxB).release(boxB).perform()<br/>        #action.drag_and_drop(boxA, boxB).perform()<br/>    <br/>&gt;       assert (boxA_text == &quot;B&quot; and boxB_text == &quot;A&quot;)<br/><span class="error">E       AssertionError: assert (&#x27;A&#x27; == &#x27;B&#x27;</span><br/><span class="error">E         - B</span><br/><span class="error">E         + A)</span><br/><br/>test_Page_DragDrop.py:52: AssertionError<br/> -------------------------------Captured log call-------------------------------- <br/>INFO     test_drag_and_drop:test_Page_DragDrop.py:23 TEST START
INFO     test_drag_and_drop:test_Page_DragDrop.py:30 URL: https://the-internet.herokuapp.com/drag_and_drop
INFO     test_drag_and_drop:test_Page_DragDrop.py:36 Header: Drag and Drop
INFO     test_drag_and_drop:test_Page_DragDrop.py:46 a = A &amp; b = B<br/></div></td></tr></tbody>
      <tbody class="failed results-table-row">
        <tr>
          <td class="col-result">Failed</td>
          <td class="col-name">test_End_To_End.py::TestExitIntent::test_exit_intent</td>
          <td class="col-duration">5.75</td>
          <td class="col-links"></td></tr>
        <tr>
          <td class="extra" colspan="4">
            <div><div><img src="test_End_To_End.py_TestExitIntent_test_exit_intent_%(date).png" alt="screenshot" style="width:304px;height:228px;" onclick="window.open(this.src)" align="right"/></div></div>
            <div class="log">self = &lt;tests.test_Page_ExitIntent.TestExitIntent object at 0x000001B1D2093488&gt;<br/><br/>    def test_exit_intent(self):<br/>    <br/>        # Enter the Page<br/>        log = self.getLogger()<br/>        exitIntent_page = ExitIntentPage(self.driver)<br/>        log.info(&quot;TEST START&quot;)<br/>        exitIntent_page.exitIntent_LinkText().click()<br/>    <br/>    <br/>        # Verify the URL<br/>        url = self.driver.current_url<br/>        assert url == &quot;https://the-internet.herokuapp.com/exit_intent&quot;<br/>        log.info(&quot;URL: &quot; + url)<br/>    <br/>    <br/>        # Verify the Header<br/>        header_text = exitIntent_page.exitIntent_HeaderText().text<br/>        assert (&quot;Exit Intent&quot; in header_text)<br/>        log.info(&quot;Header: &quot; + header_text)<br/>    <br/>    <br/>        # todo - Verify Move mouse - open Modal window<br/>        action = ActionChains(self.driver)<br/>        action.move_by_offset(100, 0).perform()<br/>        time.sleep(5)<br/>    <br/>        # Verify Modal window header text<br/>        entry = exitIntent_page.exitIntent_ModalWindowHeader().text    # todo - fix<br/>        assert entry in &quot;This is a modal window&quot;<br/>        log.info(&quot;Modal Header: &quot; + entry)<br/>    <br/>    <br/>    <br/>        # todo - Verify Modal Window open and close<br/>&gt;       modal = exitIntent_page.exitIntent_ModalWindowSate().is_displayed()   # todo - fix<br/><br/>test_Page_ExitIntent.py:52: <br/>_ _ _ _ _ _ _ _ _ _ _ _ _ _ _ _ _ _ _ _ _ _ _ _ _ _ _ _ _ _ _ _ _ _ _ _ _ _ _ _<br/>..\pageObjects\ExitIntentPage.py:40: in exitIntent_ModalWindowSate<br/>    return self.driver.find_element(*ExitIntentPage.exit_WindowState)<br/>c:\users\chris_000\appdata\local\programs\python\python37\lib\site-packages\selenium\webdriver\remote\webdriver.py:978: in find_element<br/>    &#x27;value&#x27;: value})[&#x27;value&#x27;]<br/>c:\users\chris_000\appdata\local\programs\python\python37\lib\site-packages\selenium\webdriver\remote\webdriver.py:321: in execute<br/>    self.error_handler.check_response(response)<br/>_ _ _ _ _ _ _ _ _ _ _ _ _ _ _ _ _ _ _ _ _ _ _ _ _ _ _ _ _ _ _ _ _ _ _ _ _ _ _ _<br/><br/>self = &lt;selenium.webdriver.remote.errorhandler.ErrorHandler object at 0x000001B1D2176C48&gt;<br/>response = {&#x27;status&#x27;: 404, &#x27;value&#x27;: &#x27;{&quot;value&quot;:{&quot;error&quot;:&quot;no such element&quot;,&quot;message&quot;:&quot;no such element: Unable to locate element: {\...\n\\tRtlGetAppContainerNamedObjectPath [0x778D7C7E+286]\\n\\tRtlGetAppContainerNamedObjectPath [0x778D7C4E+238]\\n&quot;}}&#x27;}<br/><br/>    def check_response(self, response):<br/>        &quot;&quot;&quot;<br/>        Checks that a JSON response from the WebDriver does not have an error.<br/>    <br/>        :Args:<br/>         - response - The JSON response from the WebDriver server as a dictionary<br/>           object.<br/>    <br/>        :Raises: If the response contains an error message.<br/>        &quot;&quot;&quot;<br/>        status = response.get(&#x27;status&#x27;, None)<br/>        if status is None or status == ErrorCode.SUCCESS:<br/>            return<br/>        value = None<br/>        message = response.get(&quot;message&quot;, &quot;&quot;)<br/>        screen = response.get(&quot;screen&quot;, &quot;&quot;)<br/>        stacktrace = None<br/>        if isinstance(status, int):<br/>            value_json = response.get(&#x27;value&#x27;, None)<br/>            if value_json and isinstance(value_json, basestring):<br/>                import json<br/>                try:<br/>                    value = json.loads(value_json)<br/>                    if len(value.keys()) == 1:<br/>                        value = value[&#x27;value&#x27;]<br/>                    status = value.get(&#x27;error&#x27;, None)<br/>                    if status is None:<br/>                        status = value[&quot;status&quot;]<br/>                        message = value[&quot;value&quot;]<br/>                        if not isinstance(message, basestring):<br/>                            value = message<br/>                            message = message.get(&#x27;message&#x27;)<br/>                    else:<br/>                        message = value.get(&#x27;message&#x27;, None)<br/>                except ValueError:<br/>                    pass<br/>    <br/>        exception_class = ErrorInResponseException<br/>        if status in ErrorCode.NO_SUCH_ELEMENT:<br/>            exception_class = NoSuchElementException<br/>        elif status in ErrorCode.NO_SUCH_FRAME:<br/>            exception_class = NoSuchFrameException<br/>        elif status in ErrorCode.NO_SUCH_WINDOW:<br/>            exception_class = NoSuchWindowException<br/>        elif status in ErrorCode.STALE_ELEMENT_REFERENCE:<br/>            exception_class = StaleElementReferenceException<br/>        elif status in ErrorCode.ELEMENT_NOT_VISIBLE:<br/>            exception_class = ElementNotVisibleException<br/>        elif status in ErrorCode.INVALID_ELEMENT_STATE:<br/>            exception_class = InvalidElementStateException<br/>        elif status in ErrorCode.INVALID_SELECTOR \<br/>                or status in ErrorCode.INVALID_XPATH_SELECTOR \<br/>                or status in ErrorCode.INVALID_XPATH_SELECTOR_RETURN_TYPER:<br/>            exception_class = InvalidSelectorException<br/>        elif status in ErrorCode.ELEMENT_IS_NOT_SELECTABLE:<br/>            exception_class = ElementNotSelectableException<br/>        elif status in ErrorCode.ELEMENT_NOT_INTERACTABLE:<br/>            exception_class = ElementNotInteractableException<br/>        elif status in ErrorCode.INVALID_COOKIE_DOMAIN:<br/>            exception_class = InvalidCookieDomainException<br/>        elif status in ErrorCode.UNABLE_TO_SET_COOKIE:<br/>            exception_class = UnableToSetCookieException<br/>        elif status in ErrorCode.TIMEOUT:<br/>            exception_class = TimeoutException<br/>        elif status in ErrorCode.SCRIPT_TIMEOUT:<br/>            exception_class = TimeoutException<br/>        elif status in ErrorCode.UNKNOWN_ERROR:<br/>            exception_class = WebDriverException<br/>        elif status in ErrorCode.UNEXPECTED_ALERT_OPEN:<br/>            exception_class = UnexpectedAlertPresentException<br/>        elif status in ErrorCode.NO_ALERT_OPEN:<br/>            exception_class = NoAlertPresentException<br/>        elif status in ErrorCode.IME_NOT_AVAILABLE:<br/>            exception_class = ImeNotAvailableException<br/>        elif status in ErrorCode.IME_ENGINE_ACTIVATION_FAILED:<br/>            exception_class = ImeActivationFailedException<br/>        elif status in ErrorCode.MOVE_TARGET_OUT_OF_BOUNDS:<br/>            exception_class = MoveTargetOutOfBoundsException<br/>        elif status in ErrorCode.JAVASCRIPT_ERROR:<br/>            exception_class = JavascriptException<br/>        elif status in ErrorCode.SESSION_NOT_CREATED:<br/>            exception_class = SessionNotCreatedException<br/>        elif status in ErrorCode.INVALID_ARGUMENT:<br/>            exception_class = InvalidArgumentException<br/>        elif status in ErrorCode.NO_SUCH_COOKIE:<br/>            exception_class = NoSuchCookieException<br/>        elif status in ErrorCode.UNABLE_TO_CAPTURE_SCREEN:<br/>            exception_class = ScreenshotException<br/>        elif status in ErrorCode.ELEMENT_CLICK_INTERCEPTED:<br/>            exception_class = ElementClickInterceptedException<br/>        elif status in ErrorCode.INSECURE_CERTIFICATE:<br/>            exception_class = InsecureCertificateException<br/>        elif status in ErrorCode.INVALID_COORDINATES:<br/>            exception_class = InvalidCoordinatesException<br/>        elif status in ErrorCode.INVALID_SESSION_ID:<br/>            exception_class = InvalidSessionIdException<br/>        elif status in ErrorCode.UNKNOWN_METHOD:<br/>            exception_class = UnknownMethodException<br/>        else:<br/>            exception_class = WebDriverException<br/>        if value == &#x27;&#x27; or value is None:<br/>            value = response[&#x27;value&#x27;]<br/>        if isinstance(value, basestring):<br/>            if exception_class == ErrorInResponseException:<br/>                raise exception_class(response, value)<br/>            raise exception_class(value)<br/>        if message == &quot;&quot; and &#x27;message&#x27; in value:<br/>            message = value[&#x27;message&#x27;]<br/>    <br/>        screen = None<br/>        if &#x27;screen&#x27; in value:<br/>            screen = value[&#x27;screen&#x27;]<br/>    <br/>        stacktrace = None<br/>        if &#x27;stackTrace&#x27; in value and value[&#x27;stackTrace&#x27;]:<br/>            stacktrace = []<br/>            try:<br/>                for frame in value[&#x27;stackTrace&#x27;]:<br/>                    line = self._value_or_default(frame, &#x27;lineNumber&#x27;, &#x27;&#x27;)<br/>                    file = self._value_or_default(frame, &#x27;fileName&#x27;, &#x27;&lt;anonymous&gt;&#x27;)<br/>                    if line:<br/>                        file = &quot;%s:%s&quot; % (file, line)<br/>                    meth = self._value_or_default(frame, &#x27;methodName&#x27;, &#x27;&lt;anonymous&gt;&#x27;)<br/>                    if &#x27;className&#x27; in frame:<br/>                        meth = &quot;%s.%s&quot; % (frame[&#x27;className&#x27;], meth)<br/>                    msg = &quot;    at %s (%s)&quot;<br/>                    msg = msg % (meth, file)<br/>                    stacktrace.append(msg)<br/>            except TypeError:<br/>                pass<br/>        if exception_class == ErrorInResponseException:<br/>            raise exception_class(response, message)<br/>        elif exception_class == UnexpectedAlertPresentException:<br/>            alert_text = None<br/>            if &#x27;data&#x27; in value:<br/>                alert_text = value[&#x27;data&#x27;].get(&#x27;text&#x27;)<br/>            elif &#x27;alert&#x27; in value:<br/>                alert_text = value[&#x27;alert&#x27;].get(&#x27;text&#x27;)<br/>            raise exception_class(message, screen, stacktrace, alert_text)<br/>&gt;       raise exception_class(message, screen, stacktrace)<br/><span class="error">E       selenium.common.exceptions.NoSuchElementException: Message: no such element: Unable to locate element: {&quot;method&quot;:&quot;xpath&quot;,&quot;selector&quot;:&quot;//div[@id=&#x27;modal&#x27;]&quot;}</span><br/><span class="error">E         (Session info: chrome=89.0.4389.82)</span><br/><br/>c:\users\chris_000\appdata\local\programs\python\python37\lib\site-packages\selenium\webdriver\remote\errorhandler.py:242: NoSuchElementException<br/> -------------------------------Captured log call-------------------------------- <br/>INFO     test_exit_intent:test_Page_ExitIntent.py:23 TEST START
INFO     test_exit_intent:test_Page_ExitIntent.py:30 URL: https://the-internet.herokuapp.com/exit_intent
INFO     test_exit_intent:test_Page_ExitIntent.py:36 Header: Exit Intent
INFO     test_exit_intent:test_Page_ExitIntent.py:47 Modal Header:<br/></div></td></tr></tbody>
      <tbody class="failed results-table-row">
        <tr>
          <td class="col-result">Failed</td>
          <td class="col-name">test_End_To_End.py::TestFileDownload::test_file_download</td>
          <td class="col-duration">0.38</td>
          <td class="col-links"></td></tr>
        <tr>
          <td class="extra" colspan="4">
            <div><div><img src="test_End_To_End.py_TestFileDownload_test_file_download_%(date).png" alt="screenshot" style="width:304px;height:228px;" onclick="window.open(this.src)" align="right"/></div></div>
            <div class="log">self = &lt;tests.test_Page_FileDownload.TestFileDownload object at 0x000001B1D21432C8&gt;<br/><br/>    def test_file_download(self):<br/>        # Enter the Page<br/>        log = self.getLogger()<br/>        fileDownload_page = FileDownloadPage(self.driver)<br/>        log.info(&quot;TEST START&quot;)<br/>        fileDownload_page.fileDownload_LinkText().click()<br/>    <br/>    <br/>        # Verify the URL<br/>        url = self.driver.current_url<br/>        assert url == &quot;https://the-internet.herokuapp.com/download&quot;<br/>        log.info(&quot;URL: &quot; + url)<br/>    <br/>    <br/>        # Verify the Header<br/>        header_text = fileDownload_page.fileDownload_HeaderText().text<br/>        assert (&quot;File Downloader&quot; in header_text)<br/>        log.info(&quot;Header: &quot; + header_text)<br/>    <br/>    <br/>        # Download all files<br/>&gt;       fileDownload_page.fileDownload_TextFile_1().click()     # Download text file 1<br/><br/>test_Page_FileDownload.py:39: <br/>_ _ _ _ _ _ _ _ _ _ _ _ _ _ _ _ _ _ _ _ _ _ _ _ _ _ _ _ _ _ _ _ _ _ _ _ _ _ _ _<br/>..\pageObjects\FileDownLoadPage.py:34: in fileDownload_TextFile_1<br/>    return self.driver.find_element(*FileDownloadPage.download_TextFile1)<br/>c:\users\chris_000\appdata\local\programs\python\python37\lib\site-packages\selenium\webdriver\remote\webdriver.py:978: in find_element<br/>    &#x27;value&#x27;: value})[&#x27;value&#x27;]<br/>c:\users\chris_000\appdata\local\programs\python\python37\lib\site-packages\selenium\webdriver\remote\webdriver.py:321: in execute<br/>    self.error_handler.check_response(response)<br/>_ _ _ _ _ _ _ _ _ _ _ _ _ _ _ _ _ _ _ _ _ _ _ _ _ _ _ _ _ _ _ _ _ _ _ _ _ _ _ _<br/><br/>self = &lt;selenium.webdriver.remote.errorhandler.ErrorHandler object at 0x000001B1D21227C8&gt;<br/>response = {&#x27;status&#x27;: 404, &#x27;value&#x27;: &#x27;{&quot;value&quot;:{&quot;error&quot;:&quot;no such element&quot;,&quot;message&quot;:&quot;no such element: Unable to locate element: {\...\n\\tRtlGetAppContainerNamedObjectPath [0x778D7C7E+286]\\n\\tRtlGetAppContainerNamedObjectPath [0x778D7C4E+238]\\n&quot;}}&#x27;}<br/><br/>    def check_response(self, response):<br/>        &quot;&quot;&quot;<br/>        Checks that a JSON response from the WebDriver does not have an error.<br/>    <br/>        :Args:<br/>         - response - The JSON response from the WebDriver server as a dictionary<br/>           object.<br/>    <br/>        :Raises: If the response contains an error message.<br/>        &quot;&quot;&quot;<br/>        status = response.get(&#x27;status&#x27;, None)<br/>        if status is None or status == ErrorCode.SUCCESS:<br/>            return<br/>        value = None<br/>        message = response.get(&quot;message&quot;, &quot;&quot;)<br/>        screen = response.get(&quot;screen&quot;, &quot;&quot;)<br/>        stacktrace = None<br/>        if isinstance(status, int):<br/>            value_json = response.get(&#x27;value&#x27;, None)<br/>            if value_json and isinstance(value_json, basestring):<br/>                import json<br/>                try:<br/>                    value = json.loads(value_json)<br/>                    if len(value.keys()) == 1:<br/>                        value = value[&#x27;value&#x27;]<br/>                    status = value.get(&#x27;error&#x27;, None)<br/>                    if status is None:<br/>                        status = value[&quot;status&quot;]<br/>                        message = value[&quot;value&quot;]<br/>                        if not isinstance(message, basestring):<br/>                            value = message<br/>                            message = message.get(&#x27;message&#x27;)<br/>                    else:<br/>                        message = value.get(&#x27;message&#x27;, None)<br/>                except ValueError:<br/>                    pass<br/>    <br/>        exception_class = ErrorInResponseException<br/>        if status in ErrorCode.NO_SUCH_ELEMENT:<br/>            exception_class = NoSuchElementException<br/>        elif status in ErrorCode.NO_SUCH_FRAME:<br/>            exception_class = NoSuchFrameException<br/>        elif status in ErrorCode.NO_SUCH_WINDOW:<br/>            exception_class = NoSuchWindowException<br/>        elif status in ErrorCode.STALE_ELEMENT_REFERENCE:<br/>            exception_class = StaleElementReferenceException<br/>        elif status in ErrorCode.ELEMENT_NOT_VISIBLE:<br/>            exception_class = ElementNotVisibleException<br/>        elif status in ErrorCode.INVALID_ELEMENT_STATE:<br/>            exception_class = InvalidElementStateException<br/>        elif status in ErrorCode.INVALID_SELECTOR \<br/>                or status in ErrorCode.INVALID_XPATH_SELECTOR \<br/>                or status in ErrorCode.INVALID_XPATH_SELECTOR_RETURN_TYPER:<br/>            exception_class = InvalidSelectorException<br/>        elif status in ErrorCode.ELEMENT_IS_NOT_SELECTABLE:<br/>            exception_class = ElementNotSelectableException<br/>        elif status in ErrorCode.ELEMENT_NOT_INTERACTABLE:<br/>            exception_class = ElementNotInteractableException<br/>        elif status in ErrorCode.INVALID_COOKIE_DOMAIN:<br/>            exception_class = InvalidCookieDomainException<br/>        elif status in ErrorCode.UNABLE_TO_SET_COOKIE:<br/>            exception_class = UnableToSetCookieException<br/>        elif status in ErrorCode.TIMEOUT:<br/>            exception_class = TimeoutException<br/>        elif status in ErrorCode.SCRIPT_TIMEOUT:<br/>            exception_class = TimeoutException<br/>        elif status in ErrorCode.UNKNOWN_ERROR:<br/>            exception_class = WebDriverException<br/>        elif status in ErrorCode.UNEXPECTED_ALERT_OPEN:<br/>            exception_class = UnexpectedAlertPresentException<br/>        elif status in ErrorCode.NO_ALERT_OPEN:<br/>            exception_class = NoAlertPresentException<br/>        elif status in ErrorCode.IME_NOT_AVAILABLE:<br/>            exception_class = ImeNotAvailableException<br/>        elif status in ErrorCode.IME_ENGINE_ACTIVATION_FAILED:<br/>            exception_class = ImeActivationFailedException<br/>        elif status in ErrorCode.MOVE_TARGET_OUT_OF_BOUNDS:<br/>            exception_class = MoveTargetOutOfBoundsException<br/>        elif status in ErrorCode.JAVASCRIPT_ERROR:<br/>            exception_class = JavascriptException<br/>        elif status in ErrorCode.SESSION_NOT_CREATED:<br/>            exception_class = SessionNotCreatedException<br/>        elif status in ErrorCode.INVALID_ARGUMENT:<br/>            exception_class = InvalidArgumentException<br/>        elif status in ErrorCode.NO_SUCH_COOKIE:<br/>            exception_class = NoSuchCookieException<br/>        elif status in ErrorCode.UNABLE_TO_CAPTURE_SCREEN:<br/>            exception_class = ScreenshotException<br/>        elif status in ErrorCode.ELEMENT_CLICK_INTERCEPTED:<br/>            exception_class = ElementClickInterceptedException<br/>        elif status in ErrorCode.INSECURE_CERTIFICATE:<br/>            exception_class = InsecureCertificateException<br/>        elif status in ErrorCode.INVALID_COORDINATES:<br/>            exception_class = InvalidCoordinatesException<br/>        elif status in ErrorCode.INVALID_SESSION_ID:<br/>            exception_class = InvalidSessionIdException<br/>        elif status in ErrorCode.UNKNOWN_METHOD:<br/>            exception_class = UnknownMethodException<br/>        else:<br/>            exception_class = WebDriverException<br/>        if value == &#x27;&#x27; or value is None:<br/>            value = response[&#x27;value&#x27;]<br/>        if isinstance(value, basestring):<br/>            if exception_class == ErrorInResponseException:<br/>                raise exception_class(response, value)<br/>            raise exception_class(value)<br/>        if message == &quot;&quot; and &#x27;message&#x27; in value:<br/>            message = value[&#x27;message&#x27;]<br/>    <br/>        screen = None<br/>        if &#x27;screen&#x27; in value:<br/>            screen = value[&#x27;screen&#x27;]<br/>    <br/>        stacktrace = None<br/>        if &#x27;stackTrace&#x27; in value and value[&#x27;stackTrace&#x27;]:<br/>            stacktrace = []<br/>            try:<br/>                for frame in value[&#x27;stackTrace&#x27;]:<br/>                    line = self._value_or_default(frame, &#x27;lineNumber&#x27;, &#x27;&#x27;)<br/>                    file = self._value_or_default(frame, &#x27;fileName&#x27;, &#x27;&lt;anonymous&gt;&#x27;)<br/>                    if line:<br/>                        file = &quot;%s:%s&quot; % (file, line)<br/>                    meth = self._value_or_default(frame, &#x27;methodName&#x27;, &#x27;&lt;anonymous&gt;&#x27;)<br/>                    if &#x27;className&#x27; in frame:<br/>                        meth = &quot;%s.%s&quot; % (frame[&#x27;className&#x27;], meth)<br/>                    msg = &quot;    at %s (%s)&quot;<br/>                    msg = msg % (meth, file)<br/>                    stacktrace.append(msg)<br/>            except TypeError:<br/>                pass<br/>        if exception_class == ErrorInResponseException:<br/>            raise exception_class(response, message)<br/>        elif exception_class == UnexpectedAlertPresentException:<br/>            alert_text = None<br/>            if &#x27;data&#x27; in value:<br/>                alert_text = value[&#x27;data&#x27;].get(&#x27;text&#x27;)<br/>            elif &#x27;alert&#x27; in value:<br/>                alert_text = value[&#x27;alert&#x27;].get(&#x27;text&#x27;)<br/>            raise exception_class(message, screen, stacktrace, alert_text)<br/>&gt;       raise exception_class(message, screen, stacktrace)<br/><span class="error">E       selenium.common.exceptions.NoSuchElementException: Message: no such element: Unable to locate element: {&quot;method&quot;:&quot;xpath&quot;,&quot;selector&quot;:&quot;//a[@href=&#x27;download/Hello.docx&#x27;]&quot;}</span><br/><span class="error">E         (Session info: chrome=89.0.4389.82)</span><br/><br/>c:\users\chris_000\appdata\local\programs\python\python37\lib\site-packages\selenium\webdriver\remote\errorhandler.py:242: NoSuchElementException<br/> -------------------------------Captured log call-------------------------------- <br/>INFO     test_file_download:test_Page_FileDownload.py:22 TEST START
INFO     test_file_download:test_Page_FileDownload.py:29 URL: https://the-internet.herokuapp.com/download
INFO     test_file_download:test_Page_FileDownload.py:35 Header: File Downloader<br/></div></td></tr></tbody>
      <tbody class="failed results-table-row">
        <tr>
          <td class="col-result">Failed</td>
          <td class="col-name">test_End_To_End.py::TestFileUpload::test_file_upload</td>
          <td class="col-duration">0.47</td>
          <td class="col-links"></td></tr>
        <tr>
          <td class="extra" colspan="4">
            <div><div><img src="test_End_To_End.py_TestFileUpload_test_file_upload_%(date).png" alt="screenshot" style="width:304px;height:228px;" onclick="window.open(this.src)" align="right"/></div></div>
            <div class="log">self = &lt;tests.test_Page_FileUpload.TestFileUpload object at 0x000001B1D211FA08&gt;<br/><br/>    def test_file_upload(self):<br/>        # Enter the Page<br/>        log = self.getLogger()<br/>        fileUpload_page = FileUploadPage(self.driver)<br/>        log.info(&quot;TEST START&quot;)<br/>        fileUpload_page.fileUpload_LinkText().click()<br/>    <br/>    <br/>        # Verify the URL<br/>        url = self.driver.current_url<br/>        assert url == &quot;https://the-internet.herokuapp.com/upload&quot;<br/>        log.info(&quot;URL: &quot; + url)<br/>    <br/>    <br/>        # Verify the Header<br/>        header_text = fileUpload_page.fileUpload_HeaderText().text<br/>        assert (&quot;File Uploader&quot; in header_text)<br/>        log.info(&quot;Header: &quot; + header_text)<br/>    <br/>    <br/>        # Choose a file and Upload<br/>&gt;       fileUpload_page.fileUpload_ChooseFile().click()<br/><br/>test_Page_FileUpload.py:37: <br/>_ _ _ _ _ _ _ _ _ _ _ _ _ _ _ _ _ _ _ _ _ _ _ _ _ _ _ _ _ _ _ _ _ _ _ _ _ _ _ _<br/>c:\users\chris_000\appdata\local\programs\python\python37\lib\site-packages\selenium\webdriver\remote\webelement.py:80: in click<br/>    self._execute(Command.CLICK_ELEMENT)<br/>c:\users\chris_000\appdata\local\programs\python\python37\lib\site-packages\selenium\webdriver\remote\webelement.py:633: in _execute<br/>    return self._parent.execute(command, params)<br/>c:\users\chris_000\appdata\local\programs\python\python37\lib\site-packages\selenium\webdriver\remote\webdriver.py:321: in execute<br/>    self.error_handler.check_response(response)<br/>_ _ _ _ _ _ _ _ _ _ _ _ _ _ _ _ _ _ _ _ _ _ _ _ _ _ _ _ _ _ _ _ _ _ _ _ _ _ _ _<br/><br/>self = &lt;selenium.webdriver.remote.errorhandler.ErrorHandler object at 0x000001B1D21B3BC8&gt;<br/>response = {&#x27;status&#x27;: 400, &#x27;value&#x27;: &#x27;{&quot;value&quot;:{&quot;error&quot;:&quot;invalid argument&quot;,&quot;message&quot;:&quot;invalid argument\\n  (Session info: chrome=8...\n\\tRtlGetAppContainerNamedObjectPath [0x778D7C7E+286]\\n\\tRtlGetAppContainerNamedObjectPath [0x778D7C4E+238]\\n&quot;}}&#x27;}<br/><br/>    def check_response(self, response):<br/>        &quot;&quot;&quot;<br/>        Checks that a JSON response from the WebDriver does not have an error.<br/>    <br/>        :Args:<br/>         - response - The JSON response from the WebDriver server as a dictionary<br/>           object.<br/>    <br/>        :Raises: If the response contains an error message.<br/>        &quot;&quot;&quot;<br/>        status = response.get(&#x27;status&#x27;, None)<br/>        if status is None or status == ErrorCode.SUCCESS:<br/>            return<br/>        value = None<br/>        message = response.get(&quot;message&quot;, &quot;&quot;)<br/>        screen = response.get(&quot;screen&quot;, &quot;&quot;)<br/>        stacktrace = None<br/>        if isinstance(status, int):<br/>            value_json = response.get(&#x27;value&#x27;, None)<br/>            if value_json and isinstance(value_json, basestring):<br/>                import json<br/>                try:<br/>                    value = json.loads(value_json)<br/>                    if len(value.keys()) == 1:<br/>                        value = value[&#x27;value&#x27;]<br/>                    status = value.get(&#x27;error&#x27;, None)<br/>                    if status is None:<br/>                        status = value[&quot;status&quot;]<br/>                        message = value[&quot;value&quot;]<br/>                        if not isinstance(message, basestring):<br/>                            value = message<br/>                            message = message.get(&#x27;message&#x27;)<br/>                    else:<br/>                        message = value.get(&#x27;message&#x27;, None)<br/>                except ValueError:<br/>                    pass<br/>    <br/>        exception_class = ErrorInResponseException<br/>        if status in ErrorCode.NO_SUCH_ELEMENT:<br/>            exception_class = NoSuchElementException<br/>        elif status in ErrorCode.NO_SUCH_FRAME:<br/>            exception_class = NoSuchFrameException<br/>        elif status in ErrorCode.NO_SUCH_WINDOW:<br/>            exception_class = NoSuchWindowException<br/>        elif status in ErrorCode.STALE_ELEMENT_REFERENCE:<br/>            exception_class = StaleElementReferenceException<br/>        elif status in ErrorCode.ELEMENT_NOT_VISIBLE:<br/>            exception_class = ElementNotVisibleException<br/>        elif status in ErrorCode.INVALID_ELEMENT_STATE:<br/>            exception_class = InvalidElementStateException<br/>        elif status in ErrorCode.INVALID_SELECTOR \<br/>                or status in ErrorCode.INVALID_XPATH_SELECTOR \<br/>                or status in ErrorCode.INVALID_XPATH_SELECTOR_RETURN_TYPER:<br/>            exception_class = InvalidSelectorException<br/>        elif status in ErrorCode.ELEMENT_IS_NOT_SELECTABLE:<br/>            exception_class = ElementNotSelectableException<br/>        elif status in ErrorCode.ELEMENT_NOT_INTERACTABLE:<br/>            exception_class = ElementNotInteractableException<br/>        elif status in ErrorCode.INVALID_COOKIE_DOMAIN:<br/>            exception_class = InvalidCookieDomainException<br/>        elif status in ErrorCode.UNABLE_TO_SET_COOKIE:<br/>            exception_class = UnableToSetCookieException<br/>        elif status in ErrorCode.TIMEOUT:<br/>            exception_class = TimeoutException<br/>        elif status in ErrorCode.SCRIPT_TIMEOUT:<br/>            exception_class = TimeoutException<br/>        elif status in ErrorCode.UNKNOWN_ERROR:<br/>            exception_class = WebDriverException<br/>        elif status in ErrorCode.UNEXPECTED_ALERT_OPEN:<br/>            exception_class = UnexpectedAlertPresentException<br/>        elif status in ErrorCode.NO_ALERT_OPEN:<br/>            exception_class = NoAlertPresentException<br/>        elif status in ErrorCode.IME_NOT_AVAILABLE:<br/>            exception_class = ImeNotAvailableException<br/>        elif status in ErrorCode.IME_ENGINE_ACTIVATION_FAILED:<br/>            exception_class = ImeActivationFailedException<br/>        elif status in ErrorCode.MOVE_TARGET_OUT_OF_BOUNDS:<br/>            exception_class = MoveTargetOutOfBoundsException<br/>        elif status in ErrorCode.JAVASCRIPT_ERROR:<br/>            exception_class = JavascriptException<br/>        elif status in ErrorCode.SESSION_NOT_CREATED:<br/>            exception_class = SessionNotCreatedException<br/>        elif status in ErrorCode.INVALID_ARGUMENT:<br/>            exception_class = InvalidArgumentException<br/>        elif status in ErrorCode.NO_SUCH_COOKIE:<br/>            exception_class = NoSuchCookieException<br/>        elif status in ErrorCode.UNABLE_TO_CAPTURE_SCREEN:<br/>            exception_class = ScreenshotException<br/>        elif status in ErrorCode.ELEMENT_CLICK_INTERCEPTED:<br/>            exception_class = ElementClickInterceptedException<br/>        elif status in ErrorCode.INSECURE_CERTIFICATE:<br/>            exception_class = InsecureCertificateException<br/>        elif status in ErrorCode.INVALID_COORDINATES:<br/>            exception_class = InvalidCoordinatesException<br/>        elif status in ErrorCode.INVALID_SESSION_ID:<br/>            exception_class = InvalidSessionIdException<br/>        elif status in ErrorCode.UNKNOWN_METHOD:<br/>            exception_class = UnknownMethodException<br/>        else:<br/>            exception_class = WebDriverException<br/>        if value == &#x27;&#x27; or value is None:<br/>            value = response[&#x27;value&#x27;]<br/>        if isinstance(value, basestring):<br/>            if exception_class == ErrorInResponseException:<br/>                raise exception_class(response, value)<br/>            raise exception_class(value)<br/>        if message == &quot;&quot; and &#x27;message&#x27; in value:<br/>            message = value[&#x27;message&#x27;]<br/>    <br/>        screen = None<br/>        if &#x27;screen&#x27; in value:<br/>            screen = value[&#x27;screen&#x27;]<br/>    <br/>        stacktrace = None<br/>        if &#x27;stackTrace&#x27; in value and value[&#x27;stackTrace&#x27;]:<br/>            stacktrace = []<br/>            try:<br/>                for frame in value[&#x27;stackTrace&#x27;]:<br/>                    line = self._value_or_default(frame, &#x27;lineNumber&#x27;, &#x27;&#x27;)<br/>                    file = self._value_or_default(frame, &#x27;fileName&#x27;, &#x27;&lt;anonymous&gt;&#x27;)<br/>                    if line:<br/>                        file = &quot;%s:%s&quot; % (file, line)<br/>                    meth = self._value_or_default(frame, &#x27;methodName&#x27;, &#x27;&lt;anonymous&gt;&#x27;)<br/>                    if &#x27;className&#x27; in frame:<br/>                        meth = &quot;%s.%s&quot; % (frame[&#x27;className&#x27;], meth)<br/>                    msg = &quot;    at %s (%s)&quot;<br/>                    msg = msg % (meth, file)<br/>                    stacktrace.append(msg)<br/>            except TypeError:<br/>                pass<br/>        if exception_class == ErrorInResponseException:<br/>            raise exception_class(response, message)<br/>        elif exception_class == UnexpectedAlertPresentException:<br/>            alert_text = None<br/>            if &#x27;data&#x27; in value:<br/>                alert_text = value[&#x27;data&#x27;].get(&#x27;text&#x27;)<br/>            elif &#x27;alert&#x27; in value:<br/>                alert_text = value[&#x27;alert&#x27;].get(&#x27;text&#x27;)<br/>            raise exception_class(message, screen, stacktrace, alert_text)<br/>&gt;       raise exception_class(message, screen, stacktrace)<br/><span class="error">E       selenium.common.exceptions.InvalidArgumentException: Message: invalid argument</span><br/><span class="error">E         (Session info: chrome=89.0.4389.82)</span><br/><br/>c:\users\chris_000\appdata\local\programs\python\python37\lib\site-packages\selenium\webdriver\remote\errorhandler.py:242: InvalidArgumentException<br/> -------------------------------Captured log call-------------------------------- <br/>INFO     test_file_upload:test_Page_FileUpload.py:20 TEST START
INFO     test_file_upload:test_Page_FileUpload.py:27 URL: https://the-internet.herokuapp.com/upload
INFO     test_file_upload:test_Page_FileUpload.py:33 Header: File Uploader<br/></div></td></tr></tbody>
      <tbody class="failed results-table-row">
        <tr>
          <td class="col-result">Failed</td>
          <td class="col-name">test_End_To_End.py::TestGeolocation::test_geolocation</td>
          <td class="col-duration">3.47</td>
          <td class="col-links"></td></tr>
        <tr>
          <td class="extra" colspan="4">
            <div><div><img src="test_End_To_End.py_TestGeolocation_test_geolocation_%(date).png" alt="screenshot" style="width:304px;height:228px;" onclick="window.open(this.src)" align="right"/></div></div>
            <div class="log">self = &lt;tests.test_Page_Geolocation.TestGeolocation object at 0x000001B1D2194E88&gt;<br/><br/>    def test_geolocation(self):<br/>        # Enter the Page<br/>        log = self.getLogger()<br/>        geolocation_page = GeolocationPage(self.driver)<br/>        log.info(&quot;TEST START&quot;)<br/>        geolocation_page.geolocation_LinkText().click()<br/>    <br/>        # Verify the URL<br/>        url = self.driver.current_url<br/>        assert url == &quot;https://the-internet.herokuapp.com/geolocation&quot;<br/>        log.info(&quot;URL: &quot; + url)<br/>    <br/>        # Verify the Header<br/>        header_text = geolocation_page.geolocation_HeaderText().text<br/>        assert (&quot;Geolocation&quot; in header_text)<br/>        log.info(&quot;Header: &quot; + header_text)<br/>    <br/>    <br/>        # Verify button, latitiude and longtitude<br/>        geolocation_page.geolocation_WhereAmI_Button().click()<br/>        time.sleep(3)<br/>&gt;       assert &quot;37&quot; in geolocation_page.geolocation_LatitudeText().text<br/><span class="error">E       assert &#x27;37&#x27; in &#x27;36.778261&#x27;</span><br/><span class="error">E        +  where &#x27;36.778261&#x27; = &lt;selenium.webdriver.remote.webelement.WebElement (session=&quot;0cd271c9a9a2a0e540aee88e66d29983&quot;, element=&quot;df742c7f-8ee9-4d9e-913f-cf4a2e0b8281&quot;)&gt;.text</span><br/><span class="error">E        +    where &lt;selenium.webdriver.remote.webelement.WebElement (session=&quot;0cd271c9a9a2a0e540aee88e66d29983&quot;, element=&quot;df742c7f-8ee9-4d9e-913f-cf4a2e0b8281&quot;)&gt; = &lt;bound method GeolocationPage.geolocation_LatitudeText of &lt;pageObjects.GeolocationPage.GeolocationPage object at 0x000001B1D2187DC8&gt;&gt;()</span><br/><span class="error">E        +      where &lt;bound method GeolocationPage.geolocation_LatitudeText of &lt;pageObjects.GeolocationPage.GeolocationPage object at 0x000001B1D2187DC8&gt;&gt; = &lt;pageObjects.GeolocationPage.GeolocationPage object at 0x000001B1D2187DC8&gt;.geolocation_LatitudeText</span><br/><br/>test_Page_Geolocation.py:35: AssertionError<br/> -------------------------------Captured log call-------------------------------- <br/>INFO     test_geolocation:test_Page_Geolocation.py:18 TEST START
INFO     test_geolocation:test_Page_Geolocation.py:24 URL: https://the-internet.herokuapp.com/geolocation
INFO     test_geolocation:test_Page_Geolocation.py:29 Header: Geolocation<br/></div></td></tr></tbody>
      <tbody class="failed results-table-row">
        <tr>
          <td class="col-result">Failed</td>
          <td class="col-name">test_End_To_End.py::TestHovers::test_hovers</td>
          <td class="col-duration">3.57</td>
          <td class="col-links"></td></tr>
        <tr>
          <td class="extra" colspan="4">
            <div><div><img src="test_End_To_End.py_TestHovers_test_hovers_%(date).png" alt="screenshot" style="width:304px;height:228px;" onclick="window.open(this.src)" align="right"/></div></div>
            <div class="log">self = &lt;tests.test_Page_Hovers.TestHovers object at 0x000001B1D2155EC8&gt;<br/><br/>    def test_hovers(self):<br/>        # Enter the Page<br/>        log = self.getLogger()<br/>        hover_page = HoversPage(self.driver)<br/>        log.info(&quot;TEST START&quot;)<br/>        hover_page.hovers_LinkText().click()<br/>    <br/>        # Verify the URL<br/>        url = self.driver.current_url<br/>        assert url == &quot;https://the-internet.herokuapp.com/hovers&quot;<br/>        log.info(&quot;URL: &quot; + url)<br/>    <br/>        # Verify the Header<br/>        header_text = hover_page.hovers_HeaderText().text<br/>        assert (&quot;Hovers&quot; in header_text)<br/>        log.info(&quot;Header: &quot; + header_text)<br/>    <br/>    <br/>    <br/>        # todo - Verify image &amp; info 1<br/>        time.sleep(3)<br/>&gt;       hover_page.hovers_Picture_1().click()<br/><br/>test_Page_Hovers.py:35: <br/>_ _ _ _ _ _ _ _ _ _ _ _ _ _ _ _ _ _ _ _ _ _ _ _ _ _ _ _ _ _ _ _ _ _ _ _ _ _ _ _<br/>c:\users\chris_000\appdata\local\programs\python\python37\lib\site-packages\selenium\webdriver\remote\webelement.py:80: in click<br/>    self._execute(Command.CLICK_ELEMENT)<br/>c:\users\chris_000\appdata\local\programs\python\python37\lib\site-packages\selenium\webdriver\remote\webelement.py:633: in _execute<br/>    return self._parent.execute(command, params)<br/>c:\users\chris_000\appdata\local\programs\python\python37\lib\site-packages\selenium\webdriver\remote\webdriver.py:321: in execute<br/>    self.error_handler.check_response(response)<br/>_ _ _ _ _ _ _ _ _ _ _ _ _ _ _ _ _ _ _ _ _ _ _ _ _ _ _ _ _ _ _ _ _ _ _ _ _ _ _ _<br/><br/>self = &lt;selenium.webdriver.remote.errorhandler.ErrorHandler object at 0x000001B1D2196D48&gt;<br/>response = {&#x27;status&#x27;: 400, &#x27;value&#x27;: &#x27;{&quot;value&quot;:{&quot;error&quot;:&quot;element not interactable&quot;,&quot;message&quot;:&quot;element not interactable\\n  (Sessio...\n\\tRtlGetAppContainerNamedObjectPath [0x778D7C7E+286]\\n\\tRtlGetAppContainerNamedObjectPath [0x778D7C4E+238]\\n&quot;}}&#x27;}<br/><br/>    def check_response(self, response):<br/>        &quot;&quot;&quot;<br/>        Checks that a JSON response from the WebDriver does not have an error.<br/>    <br/>        :Args:<br/>         - response - The JSON response from the WebDriver server as a dictionary<br/>           object.<br/>    <br/>        :Raises: If the response contains an error message.<br/>        &quot;&quot;&quot;<br/>        status = response.get(&#x27;status&#x27;, None)<br/>        if status is None or status == ErrorCode.SUCCESS:<br/>            return<br/>        value = None<br/>        message = response.get(&quot;message&quot;, &quot;&quot;)<br/>        screen = response.get(&quot;screen&quot;, &quot;&quot;)<br/>        stacktrace = None<br/>        if isinstance(status, int):<br/>            value_json = response.get(&#x27;value&#x27;, None)<br/>            if value_json and isinstance(value_json, basestring):<br/>                import json<br/>                try:<br/>                    value = json.loads(value_json)<br/>                    if len(value.keys()) == 1:<br/>                        value = value[&#x27;value&#x27;]<br/>                    status = value.get(&#x27;error&#x27;, None)<br/>                    if status is None:<br/>                        status = value[&quot;status&quot;]<br/>                        message = value[&quot;value&quot;]<br/>                        if not isinstance(message, basestring):<br/>                            value = message<br/>                            message = message.get(&#x27;message&#x27;)<br/>                    else:<br/>                        message = value.get(&#x27;message&#x27;, None)<br/>                except ValueError:<br/>                    pass<br/>    <br/>        exception_class = ErrorInResponseException<br/>        if status in ErrorCode.NO_SUCH_ELEMENT:<br/>            exception_class = NoSuchElementException<br/>        elif status in ErrorCode.NO_SUCH_FRAME:<br/>            exception_class = NoSuchFrameException<br/>        elif status in ErrorCode.NO_SUCH_WINDOW:<br/>            exception_class = NoSuchWindowException<br/>        elif status in ErrorCode.STALE_ELEMENT_REFERENCE:<br/>            exception_class = StaleElementReferenceException<br/>        elif status in ErrorCode.ELEMENT_NOT_VISIBLE:<br/>            exception_class = ElementNotVisibleException<br/>        elif status in ErrorCode.INVALID_ELEMENT_STATE:<br/>            exception_class = InvalidElementStateException<br/>        elif status in ErrorCode.INVALID_SELECTOR \<br/>                or status in ErrorCode.INVALID_XPATH_SELECTOR \<br/>                or status in ErrorCode.INVALID_XPATH_SELECTOR_RETURN_TYPER:<br/>            exception_class = InvalidSelectorException<br/>        elif status in ErrorCode.ELEMENT_IS_NOT_SELECTABLE:<br/>            exception_class = ElementNotSelectableException<br/>        elif status in ErrorCode.ELEMENT_NOT_INTERACTABLE:<br/>            exception_class = ElementNotInteractableException<br/>        elif status in ErrorCode.INVALID_COOKIE_DOMAIN:<br/>            exception_class = InvalidCookieDomainException<br/>        elif status in ErrorCode.UNABLE_TO_SET_COOKIE:<br/>            exception_class = UnableToSetCookieException<br/>        elif status in ErrorCode.TIMEOUT:<br/>            exception_class = TimeoutException<br/>        elif status in ErrorCode.SCRIPT_TIMEOUT:<br/>            exception_class = TimeoutException<br/>        elif status in ErrorCode.UNKNOWN_ERROR:<br/>            exception_class = WebDriverException<br/>        elif status in ErrorCode.UNEXPECTED_ALERT_OPEN:<br/>            exception_class = UnexpectedAlertPresentException<br/>        elif status in ErrorCode.NO_ALERT_OPEN:<br/>            exception_class = NoAlertPresentException<br/>        elif status in ErrorCode.IME_NOT_AVAILABLE:<br/>            exception_class = ImeNotAvailableException<br/>        elif status in ErrorCode.IME_ENGINE_ACTIVATION_FAILED:<br/>            exception_class = ImeActivationFailedException<br/>        elif status in ErrorCode.MOVE_TARGET_OUT_OF_BOUNDS:<br/>            exception_class = MoveTargetOutOfBoundsException<br/>        elif status in ErrorCode.JAVASCRIPT_ERROR:<br/>            exception_class = JavascriptException<br/>        elif status in ErrorCode.SESSION_NOT_CREATED:<br/>            exception_class = SessionNotCreatedException<br/>        elif status in ErrorCode.INVALID_ARGUMENT:<br/>            exception_class = InvalidArgumentException<br/>        elif status in ErrorCode.NO_SUCH_COOKIE:<br/>            exception_class = NoSuchCookieException<br/>        elif status in ErrorCode.UNABLE_TO_CAPTURE_SCREEN:<br/>            exception_class = ScreenshotException<br/>        elif status in ErrorCode.ELEMENT_CLICK_INTERCEPTED:<br/>            exception_class = ElementClickInterceptedException<br/>        elif status in ErrorCode.INSECURE_CERTIFICATE:<br/>            exception_class = InsecureCertificateException<br/>        elif status in ErrorCode.INVALID_COORDINATES:<br/>            exception_class = InvalidCoordinatesException<br/>        elif status in ErrorCode.INVALID_SESSION_ID:<br/>            exception_class = InvalidSessionIdException<br/>        elif status in ErrorCode.UNKNOWN_METHOD:<br/>            exception_class = UnknownMethodException<br/>        else:<br/>            exception_class = WebDriverException<br/>        if value == &#x27;&#x27; or value is None:<br/>            value = response[&#x27;value&#x27;]<br/>        if isinstance(value, basestring):<br/>            if exception_class == ErrorInResponseException:<br/>                raise exception_class(response, value)<br/>            raise exception_class(value)<br/>        if message == &quot;&quot; and &#x27;message&#x27; in value:<br/>            message = value[&#x27;message&#x27;]<br/>    <br/>        screen = None<br/>        if &#x27;screen&#x27; in value:<br/>            screen = value[&#x27;screen&#x27;]<br/>    <br/>        stacktrace = None<br/>        if &#x27;stackTrace&#x27; in value and value[&#x27;stackTrace&#x27;]:<br/>            stacktrace = []<br/>            try:<br/>                for frame in value[&#x27;stackTrace&#x27;]:<br/>                    line = self._value_or_default(frame, &#x27;lineNumber&#x27;, &#x27;&#x27;)<br/>                    file = self._value_or_default(frame, &#x27;fileName&#x27;, &#x27;&lt;anonymous&gt;&#x27;)<br/>                    if line:<br/>                        file = &quot;%s:%s&quot; % (file, line)<br/>                    meth = self._value_or_default(frame, &#x27;methodName&#x27;, &#x27;&lt;anonymous&gt;&#x27;)<br/>                    if &#x27;className&#x27; in frame:<br/>                        meth = &quot;%s.%s&quot; % (frame[&#x27;className&#x27;], meth)<br/>                    msg = &quot;    at %s (%s)&quot;<br/>                    msg = msg % (meth, file)<br/>                    stacktrace.append(msg)<br/>            except TypeError:<br/>                pass<br/>        if exception_class == ErrorInResponseException:<br/>            raise exception_class(response, message)<br/>        elif exception_class == UnexpectedAlertPresentException:<br/>            alert_text = None<br/>            if &#x27;data&#x27; in value:<br/>                alert_text = value[&#x27;data&#x27;].get(&#x27;text&#x27;)<br/>            elif &#x27;alert&#x27; in value:<br/>                alert_text = value[&#x27;alert&#x27;].get(&#x27;text&#x27;)<br/>            raise exception_class(message, screen, stacktrace, alert_text)<br/>&gt;       raise exception_class(message, screen, stacktrace)<br/><span class="error">E       selenium.common.exceptions.ElementNotInteractableException: Message: element not interactable</span><br/><span class="error">E         (Session info: chrome=89.0.4389.82)</span><br/><br/>c:\users\chris_000\appdata\local\programs\python\python37\lib\site-packages\selenium\webdriver\remote\errorhandler.py:242: ElementNotInteractableException<br/> -------------------------------Captured log call-------------------------------- <br/>INFO     test_hovers:test_Page_Hovers.py:18 TEST START
INFO     test_hovers:test_Page_Hovers.py:24 URL: https://the-internet.herokuapp.com/hovers
INFO     test_hovers:test_Page_Hovers.py:29 Header: Hovers<br/></div></td></tr></tbody>
      <tbody class="failed results-table-row">
        <tr>
          <td class="col-result">Failed</td>
          <td class="col-name">test_End_To_End.py::TestJQueryUIMenus::test_jquery_ui_menus</td>
          <td class="col-duration">0.78</td>
          <td class="col-links"></td></tr>
        <tr>
          <td class="extra" colspan="4">
            <div><div><img src="test_End_To_End.py_TestJQueryUIMenus_test_jquery_ui_menus_%(date).png" alt="screenshot" style="width:304px;height:228px;" onclick="window.open(this.src)" align="right"/></div></div>
            <div class="log">self = &lt;tests.test_Page_JQueryUIMenus.TestJQueryUIMenus object at 0x000001B1D2301D88&gt;<br/><br/>    def test_jquery_ui_menus(self):<br/>    <br/>        # Enter the Page<br/>        log = self.getLogger()<br/>        jqueryUIMenus_page = JQueryUIMenusPage(self.driver)<br/>        log.info(&quot;TEST START&quot;)<br/>        jqueryUIMenus_page.jQueryUIMenus_LinkText().click()<br/>    <br/>        # Verify the URL<br/>        url = self.driver.current_url<br/>        assert url == &quot;https://the-internet.herokuapp.com/jqueryui/menu&quot;<br/>        log.info(&quot;URL: &quot; + url)<br/>    <br/>        # Verify the Header<br/>&gt;       header_text = jqueryUIMenus_page.jQueryUIMenus_HeaderText().text<br/><br/>test_Page_JQueryUIMenus.py:29: <br/>_ _ _ _ _ _ _ _ _ _ _ _ _ _ _ _ _ _ _ _ _ _ _ _ _ _ _ _ _ _ _ _ _ _ _ _ _ _ _ _<br/>..\pageObjects\JQueryUIMenusPage.py:46: in jQueryUIMenus_HeaderText<br/>    return self.driver.find_element(*JQueryUIMenusPage.jquery_Header)<br/>c:\users\chris_000\appdata\local\programs\python\python37\lib\site-packages\selenium\webdriver\remote\webdriver.py:978: in find_element<br/>    &#x27;value&#x27;: value})[&#x27;value&#x27;]<br/>c:\users\chris_000\appdata\local\programs\python\python37\lib\site-packages\selenium\webdriver\remote\webdriver.py:321: in execute<br/>    self.error_handler.check_response(response)<br/>_ _ _ _ _ _ _ _ _ _ _ _ _ _ _ _ _ _ _ _ _ _ _ _ _ _ _ _ _ _ _ _ _ _ _ _ _ _ _ _<br/><br/>self = &lt;selenium.webdriver.remote.errorhandler.ErrorHandler object at 0x000001B1D21A69C8&gt;<br/>response = {&#x27;status&#x27;: 404, &#x27;value&#x27;: &#x27;{&quot;value&quot;:{&quot;error&quot;:&quot;no such element&quot;,&quot;message&quot;:&quot;no such element: Unable to locate element: {\...\n\\tRtlGetAppContainerNamedObjectPath [0x778D7C7E+286]\\n\\tRtlGetAppContainerNamedObjectPath [0x778D7C4E+238]\\n&quot;}}&#x27;}<br/><br/>    def check_response(self, response):<br/>        &quot;&quot;&quot;<br/>        Checks that a JSON response from the WebDriver does not have an error.<br/>    <br/>        :Args:<br/>         - response - The JSON response from the WebDriver server as a dictionary<br/>           object.<br/>    <br/>        :Raises: If the response contains an error message.<br/>        &quot;&quot;&quot;<br/>        status = response.get(&#x27;status&#x27;, None)<br/>        if status is None or status == ErrorCode.SUCCESS:<br/>            return<br/>        value = None<br/>        message = response.get(&quot;message&quot;, &quot;&quot;)<br/>        screen = response.get(&quot;screen&quot;, &quot;&quot;)<br/>        stacktrace = None<br/>        if isinstance(status, int):<br/>            value_json = response.get(&#x27;value&#x27;, None)<br/>            if value_json and isinstance(value_json, basestring):<br/>                import json<br/>                try:<br/>                    value = json.loads(value_json)<br/>                    if len(value.keys()) == 1:<br/>                        value = value[&#x27;value&#x27;]<br/>                    status = value.get(&#x27;error&#x27;, None)<br/>                    if status is None:<br/>                        status = value[&quot;status&quot;]<br/>                        message = value[&quot;value&quot;]<br/>                        if not isinstance(message, basestring):<br/>                            value = message<br/>                            message = message.get(&#x27;message&#x27;)<br/>                    else:<br/>                        message = value.get(&#x27;message&#x27;, None)<br/>                except ValueError:<br/>                    pass<br/>    <br/>        exception_class = ErrorInResponseException<br/>        if status in ErrorCode.NO_SUCH_ELEMENT:<br/>            exception_class = NoSuchElementException<br/>        elif status in ErrorCode.NO_SUCH_FRAME:<br/>            exception_class = NoSuchFrameException<br/>        elif status in ErrorCode.NO_SUCH_WINDOW:<br/>            exception_class = NoSuchWindowException<br/>        elif status in ErrorCode.STALE_ELEMENT_REFERENCE:<br/>            exception_class = StaleElementReferenceException<br/>        elif status in ErrorCode.ELEMENT_NOT_VISIBLE:<br/>            exception_class = ElementNotVisibleException<br/>        elif status in ErrorCode.INVALID_ELEMENT_STATE:<br/>            exception_class = InvalidElementStateException<br/>        elif status in ErrorCode.INVALID_SELECTOR \<br/>                or status in ErrorCode.INVALID_XPATH_SELECTOR \<br/>                or status in ErrorCode.INVALID_XPATH_SELECTOR_RETURN_TYPER:<br/>            exception_class = InvalidSelectorException<br/>        elif status in ErrorCode.ELEMENT_IS_NOT_SELECTABLE:<br/>            exception_class = ElementNotSelectableException<br/>        elif status in ErrorCode.ELEMENT_NOT_INTERACTABLE:<br/>            exception_class = ElementNotInteractableException<br/>        elif status in ErrorCode.INVALID_COOKIE_DOMAIN:<br/>            exception_class = InvalidCookieDomainException<br/>        elif status in ErrorCode.UNABLE_TO_SET_COOKIE:<br/>            exception_class = UnableToSetCookieException<br/>        elif status in ErrorCode.TIMEOUT:<br/>            exception_class = TimeoutException<br/>        elif status in ErrorCode.SCRIPT_TIMEOUT:<br/>            exception_class = TimeoutException<br/>        elif status in ErrorCode.UNKNOWN_ERROR:<br/>            exception_class = WebDriverException<br/>        elif status in ErrorCode.UNEXPECTED_ALERT_OPEN:<br/>            exception_class = UnexpectedAlertPresentException<br/>        elif status in ErrorCode.NO_ALERT_OPEN:<br/>            exception_class = NoAlertPresentException<br/>        elif status in ErrorCode.IME_NOT_AVAILABLE:<br/>            exception_class = ImeNotAvailableException<br/>        elif status in ErrorCode.IME_ENGINE_ACTIVATION_FAILED:<br/>            exception_class = ImeActivationFailedException<br/>        elif status in ErrorCode.MOVE_TARGET_OUT_OF_BOUNDS:<br/>            exception_class = MoveTargetOutOfBoundsException<br/>        elif status in ErrorCode.JAVASCRIPT_ERROR:<br/>            exception_class = JavascriptException<br/>        elif status in ErrorCode.SESSION_NOT_CREATED:<br/>            exception_class = SessionNotCreatedException<br/>        elif status in ErrorCode.INVALID_ARGUMENT:<br/>            exception_class = InvalidArgumentException<br/>        elif status in ErrorCode.NO_SUCH_COOKIE:<br/>            exception_class = NoSuchCookieException<br/>        elif status in ErrorCode.UNABLE_TO_CAPTURE_SCREEN:<br/>            exception_class = ScreenshotException<br/>        elif status in ErrorCode.ELEMENT_CLICK_INTERCEPTED:<br/>            exception_class = ElementClickInterceptedException<br/>        elif status in ErrorCode.INSECURE_CERTIFICATE:<br/>            exception_class = InsecureCertificateException<br/>        elif status in ErrorCode.INVALID_COORDINATES:<br/>            exception_class = InvalidCoordinatesException<br/>        elif status in ErrorCode.INVALID_SESSION_ID:<br/>            exception_class = InvalidSessionIdException<br/>        elif status in ErrorCode.UNKNOWN_METHOD:<br/>            exception_class = UnknownMethodException<br/>        else:<br/>            exception_class = WebDriverException<br/>        if value == &#x27;&#x27; or value is None:<br/>            value = response[&#x27;value&#x27;]<br/>        if isinstance(value, basestring):<br/>            if exception_class == ErrorInResponseException:<br/>                raise exception_class(response, value)<br/>            raise exception_class(value)<br/>        if message == &quot;&quot; and &#x27;message&#x27; in value:<br/>            message = value[&#x27;message&#x27;]<br/>    <br/>        screen = None<br/>        if &#x27;screen&#x27; in value:<br/>            screen = value[&#x27;screen&#x27;]<br/>    <br/>        stacktrace = None<br/>        if &#x27;stackTrace&#x27; in value and value[&#x27;stackTrace&#x27;]:<br/>            stacktrace = []<br/>            try:<br/>                for frame in value[&#x27;stackTrace&#x27;]:<br/>                    line = self._value_or_default(frame, &#x27;lineNumber&#x27;, &#x27;&#x27;)<br/>                    file = self._value_or_default(frame, &#x27;fileName&#x27;, &#x27;&lt;anonymous&gt;&#x27;)<br/>                    if line:<br/>                        file = &quot;%s:%s&quot; % (file, line)<br/>                    meth = self._value_or_default(frame, &#x27;methodName&#x27;, &#x27;&lt;anonymous&gt;&#x27;)<br/>                    if &#x27;className&#x27; in frame:<br/>                        meth = &quot;%s.%s&quot; % (frame[&#x27;className&#x27;], meth)<br/>                    msg = &quot;    at %s (%s)&quot;<br/>                    msg = msg % (meth, file)<br/>                    stacktrace.append(msg)<br/>            except TypeError:<br/>                pass<br/>        if exception_class == ErrorInResponseException:<br/>            raise exception_class(response, message)<br/>        elif exception_class == UnexpectedAlertPresentException:<br/>            alert_text = None<br/>            if &#x27;data&#x27; in value:<br/>                alert_text = value[&#x27;data&#x27;].get(&#x27;text&#x27;)<br/>            elif &#x27;alert&#x27; in value:<br/>                alert_text = value[&#x27;alert&#x27;].get(&#x27;text&#x27;)<br/>            raise exception_class(message, screen, stacktrace, alert_text)<br/>&gt;       raise exception_class(message, screen, stacktrace)<br/><span class="error">E       selenium.common.exceptions.NoSuchElementException: Message: no such element: Unable to locate element: {&quot;method&quot;:&quot;xpath&quot;,&quot;selector&quot;:&quot;//h3[text()=&#x27;JQueryUI-Menu&#x27;]&quot;}</span><br/><span class="error">E         (Session info: chrome=89.0.4389.82)</span><br/><br/>c:\users\chris_000\appdata\local\programs\python\python37\lib\site-packages\selenium\webdriver\remote\errorhandler.py:242: NoSuchElementException<br/> -------------------------------Captured log call-------------------------------- <br/>INFO     test_jquery_ui_menus:test_Page_JQueryUIMenus.py:20 TEST START
INFO     test_jquery_ui_menus:test_Page_JQueryUIMenus.py:26 URL: https://the-internet.herokuapp.com/jqueryui/menu<br/></div></td></tr></tbody>
      <tbody class="failed results-table-row">
        <tr>
          <td class="col-result">Failed</td>
          <td class="col-name">test_End_To_End.py::TestJavaScript_OnloadEventError::test_java_script_onload_event_error</td>
          <td class="col-duration">0.32</td>
          <td class="col-links"></td></tr>
        <tr>
          <td class="extra" colspan="4">
            <div><div><img src="test_End_To_End.py_TestJavaScript_OnloadEventError_test_java_script_onload_event_error_%(date).png" alt="screenshot" style="width:304px;height:228px;" onclick="window.open(this.src)" align="right"/></div></div>
            <div class="log">self = &lt;tests.test_Page_JavaScriptOnloadEventError.TestJavaScript_OnloadEventError object at 0x000001B1D22CF408&gt;<br/><br/>    def test_java_script_onload_event_error(self):<br/>        # Enter the Page<br/>        log = self.getLogger()<br/>        jsOnloadEventErro_page = JavaScriptOnloadEventErrorPage(self.driver)<br/>        log.info(&quot;TEST START&quot;)<br/>        jsOnloadEventErro_page.js_onloadEventError_LinkText().click()<br/>    <br/>        # Verify the URL<br/>        url = self.driver.current_url<br/>        assert url == &quot;https://the-internet.herokuapp.com/javascript_error&quot;<br/>        log.info(&quot;URL: &quot; + url)<br/>    <br/>    <br/>        # todo - not sure what this test is supposed to be<br/>        # todo - Verify the text<br/>&gt;       page_text = jsOnloadEventErro_page.js_onloadEventError_PageText().text<br/><br/>test_Page_JavaScriptOnloadEventError.py:30: <br/>_ _ _ _ _ _ _ _ _ _ _ _ _ _ _ _ _ _ _ _ _ _ _ _ _ _ _ _ _ _ _ _ _ _ _ _ _ _ _ _<br/>..\pageObjects\JavaScriptOnLoadEventErrorPage.py:25: in js_onloadEventError_PageText<br/>    return self.driver.find_element(*JavaScriptOnloadEventErrorPage.onloadEvent_Text)<br/>c:\users\chris_000\appdata\local\programs\python\python37\lib\site-packages\selenium\webdriver\remote\webdriver.py:978: in find_element<br/>    &#x27;value&#x27;: value})[&#x27;value&#x27;]<br/>c:\users\chris_000\appdata\local\programs\python\python37\lib\site-packages\selenium\webdriver\remote\webdriver.py:321: in execute<br/>    self.error_handler.check_response(response)<br/>_ _ _ _ _ _ _ _ _ _ _ _ _ _ _ _ _ _ _ _ _ _ _ _ _ _ _ _ _ _ _ _ _ _ _ _ _ _ _ _<br/><br/>self = &lt;selenium.webdriver.remote.errorhandler.ErrorHandler object at 0x000001B1D22C9808&gt;<br/>response = {&#x27;status&#x27;: 404, &#x27;value&#x27;: &#x27;{&quot;value&quot;:{&quot;error&quot;:&quot;no such element&quot;,&quot;message&quot;:&quot;no such element: Unable to locate element: {\...\n\\tRtlGetAppContainerNamedObjectPath [0x778D7C7E+286]\\n\\tRtlGetAppContainerNamedObjectPath [0x778D7C4E+238]\\n&quot;}}&#x27;}<br/><br/>    def check_response(self, response):<br/>        &quot;&quot;&quot;<br/>        Checks that a JSON response from the WebDriver does not have an error.<br/>    <br/>        :Args:<br/>         - response - The JSON response from the WebDriver server as a dictionary<br/>           object.<br/>    <br/>        :Raises: If the response contains an error message.<br/>        &quot;&quot;&quot;<br/>        status = response.get(&#x27;status&#x27;, None)<br/>        if status is None or status == ErrorCode.SUCCESS:<br/>            return<br/>        value = None<br/>        message = response.get(&quot;message&quot;, &quot;&quot;)<br/>        screen = response.get(&quot;screen&quot;, &quot;&quot;)<br/>        stacktrace = None<br/>        if isinstance(status, int):<br/>            value_json = response.get(&#x27;value&#x27;, None)<br/>            if value_json and isinstance(value_json, basestring):<br/>                import json<br/>                try:<br/>                    value = json.loads(value_json)<br/>                    if len(value.keys()) == 1:<br/>                        value = value[&#x27;value&#x27;]<br/>                    status = value.get(&#x27;error&#x27;, None)<br/>                    if status is None:<br/>                        status = value[&quot;status&quot;]<br/>                        message = value[&quot;value&quot;]<br/>                        if not isinstance(message, basestring):<br/>                            value = message<br/>                            message = message.get(&#x27;message&#x27;)<br/>                    else:<br/>                        message = value.get(&#x27;message&#x27;, None)<br/>                except ValueError:<br/>                    pass<br/>    <br/>        exception_class = ErrorInResponseException<br/>        if status in ErrorCode.NO_SUCH_ELEMENT:<br/>            exception_class = NoSuchElementException<br/>        elif status in ErrorCode.NO_SUCH_FRAME:<br/>            exception_class = NoSuchFrameException<br/>        elif status in ErrorCode.NO_SUCH_WINDOW:<br/>            exception_class = NoSuchWindowException<br/>        elif status in ErrorCode.STALE_ELEMENT_REFERENCE:<br/>            exception_class = StaleElementReferenceException<br/>        elif status in ErrorCode.ELEMENT_NOT_VISIBLE:<br/>            exception_class = ElementNotVisibleException<br/>        elif status in ErrorCode.INVALID_ELEMENT_STATE:<br/>            exception_class = InvalidElementStateException<br/>        elif status in ErrorCode.INVALID_SELECTOR \<br/>                or status in ErrorCode.INVALID_XPATH_SELECTOR \<br/>                or status in ErrorCode.INVALID_XPATH_SELECTOR_RETURN_TYPER:<br/>            exception_class = InvalidSelectorException<br/>        elif status in ErrorCode.ELEMENT_IS_NOT_SELECTABLE:<br/>            exception_class = ElementNotSelectableException<br/>        elif status in ErrorCode.ELEMENT_NOT_INTERACTABLE:<br/>            exception_class = ElementNotInteractableException<br/>        elif status in ErrorCode.INVALID_COOKIE_DOMAIN:<br/>            exception_class = InvalidCookieDomainException<br/>        elif status in ErrorCode.UNABLE_TO_SET_COOKIE:<br/>            exception_class = UnableToSetCookieException<br/>        elif status in ErrorCode.TIMEOUT:<br/>            exception_class = TimeoutException<br/>        elif status in ErrorCode.SCRIPT_TIMEOUT:<br/>            exception_class = TimeoutException<br/>        elif status in ErrorCode.UNKNOWN_ERROR:<br/>            exception_class = WebDriverException<br/>        elif status in ErrorCode.UNEXPECTED_ALERT_OPEN:<br/>            exception_class = UnexpectedAlertPresentException<br/>        elif status in ErrorCode.NO_ALERT_OPEN:<br/>            exception_class = NoAlertPresentException<br/>        elif status in ErrorCode.IME_NOT_AVAILABLE:<br/>            exception_class = ImeNotAvailableException<br/>        elif status in ErrorCode.IME_ENGINE_ACTIVATION_FAILED:<br/>            exception_class = ImeActivationFailedException<br/>        elif status in ErrorCode.MOVE_TARGET_OUT_OF_BOUNDS:<br/>            exception_class = MoveTargetOutOfBoundsException<br/>        elif status in ErrorCode.JAVASCRIPT_ERROR:<br/>            exception_class = JavascriptException<br/>        elif status in ErrorCode.SESSION_NOT_CREATED:<br/>            exception_class = SessionNotCreatedException<br/>        elif status in ErrorCode.INVALID_ARGUMENT:<br/>            exception_class = InvalidArgumentException<br/>        elif status in ErrorCode.NO_SUCH_COOKIE:<br/>            exception_class = NoSuchCookieException<br/>        elif status in ErrorCode.UNABLE_TO_CAPTURE_SCREEN:<br/>            exception_class = ScreenshotException<br/>        elif status in ErrorCode.ELEMENT_CLICK_INTERCEPTED:<br/>            exception_class = ElementClickInterceptedException<br/>        elif status in ErrorCode.INSECURE_CERTIFICATE:<br/>            exception_class = InsecureCertificateException<br/>        elif status in ErrorCode.INVALID_COORDINATES:<br/>            exception_class = InvalidCoordinatesException<br/>        elif status in ErrorCode.INVALID_SESSION_ID:<br/>            exception_class = InvalidSessionIdException<br/>        elif status in ErrorCode.UNKNOWN_METHOD:<br/>            exception_class = UnknownMethodException<br/>        else:<br/>            exception_class = WebDriverException<br/>        if value == &#x27;&#x27; or value is None:<br/>            value = response[&#x27;value&#x27;]<br/>        if isinstance(value, basestring):<br/>            if exception_class == ErrorInResponseException:<br/>                raise exception_class(response, value)<br/>            raise exception_class(value)<br/>        if message == &quot;&quot; and &#x27;message&#x27; in value:<br/>            message = value[&#x27;message&#x27;]<br/>    <br/>        screen = None<br/>        if &#x27;screen&#x27; in value:<br/>            screen = value[&#x27;screen&#x27;]<br/>    <br/>        stacktrace = None<br/>        if &#x27;stackTrace&#x27; in value and value[&#x27;stackTrace&#x27;]:<br/>            stacktrace = []<br/>            try:<br/>                for frame in value[&#x27;stackTrace&#x27;]:<br/>                    line = self._value_or_default(frame, &#x27;lineNumber&#x27;, &#x27;&#x27;)<br/>                    file = self._value_or_default(frame, &#x27;fileName&#x27;, &#x27;&lt;anonymous&gt;&#x27;)<br/>                    if line:<br/>                        file = &quot;%s:%s&quot; % (file, line)<br/>                    meth = self._value_or_default(frame, &#x27;methodName&#x27;, &#x27;&lt;anonymous&gt;&#x27;)<br/>                    if &#x27;className&#x27; in frame:<br/>                        meth = &quot;%s.%s&quot; % (frame[&#x27;className&#x27;], meth)<br/>                    msg = &quot;    at %s (%s)&quot;<br/>                    msg = msg % (meth, file)<br/>                    stacktrace.append(msg)<br/>            except TypeError:<br/>                pass<br/>        if exception_class == ErrorInResponseException:<br/>            raise exception_class(response, message)<br/>        elif exception_class == UnexpectedAlertPresentException:<br/>            alert_text = None<br/>            if &#x27;data&#x27; in value:<br/>                alert_text = value[&#x27;data&#x27;].get(&#x27;text&#x27;)<br/>            elif &#x27;alert&#x27; in value:<br/>                alert_text = value[&#x27;alert&#x27;].get(&#x27;text&#x27;)<br/>            raise exception_class(message, screen, stacktrace, alert_text)<br/>&gt;       raise exception_class(message, screen, stacktrace)<br/><span class="error">E       selenium.common.exceptions.NoSuchElementException: Message: no such element: Unable to locate element: {&quot;method&quot;:&quot;xpath&quot;,&quot;selector&quot;:&quot;//h3[text()=&#x27;JavaScript onload event error&#x27;]&quot;}</span><br/><span class="error">E         (Session info: chrome=89.0.4389.82)</span><br/><br/>c:\users\chris_000\appdata\local\programs\python\python37\lib\site-packages\selenium\webdriver\remote\errorhandler.py:242: NoSuchElementException<br/> -------------------------------Captured log call-------------------------------- <br/>INFO     test_java_script_onload_event_error:test_Page_JavaScriptOnloadEventError.py:19 TEST START
INFO     test_java_script_onload_event_error:test_Page_JavaScriptOnloadEventError.py:25 URL: https://the-internet.herokuapp.com/javascript_error<br/></div></td></tr></tbody>
      <tbody class="failed results-table-row">
        <tr>
          <td class="col-result">Failed</td>
          <td class="col-name">test_End_To_End.py::TestNestedFrames::test_Nested_frames</td>
          <td class="col-duration">0.50</td>
          <td class="col-links"></td></tr>
        <tr>
          <td class="extra" colspan="4">
            <div><div><img src="test_End_To_End.py_TestNestedFrames_test_Nested_frames_%(date).png" alt="screenshot" style="width:304px;height:228px;" onclick="window.open(this.src)" align="right"/></div></div>
            <div class="log">self = &lt;tests.test_Page_NestedFrames.TestNestedFrames object at 0x000001B1D223DF08&gt;<br/><br/>    def test_Nested_frames(self):<br/>        # Enter the Page<br/>        log = self.getLogger()<br/>        nestedFrames_page = NestedFramesPage(self.driver)<br/>        log.info(&quot;TEST START&quot;)<br/>        nestedFrames_page.nestedFrames_LinkText().click()<br/>    <br/>        # Verify the URL<br/>        url = self.driver.current_url<br/>        assert url == &quot;https://the-internet.herokuapp.com/nested_frames&quot;<br/>        log.info(&quot;URL: &quot; + url)<br/>    <br/>        # Verify the Header<br/>&gt;       header_text = nestedFrames_page.nestedFrames_HeaderText().text<br/><br/>test_Page_NestedFrames.py:28: <br/>_ _ _ _ _ _ _ _ _ _ _ _ _ _ _ _ _ _ _ _ _ _ _ _ _ _ _ _ _ _ _ _ _ _ _ _ _ _ _ _<br/>..\pageObjects\NestedFramesPage.py:32: in nestedFrames_HeaderText<br/>    return self.driver.find_element(*NestedFramesPage.nested_Header)<br/>c:\users\chris_000\appdata\local\programs\python\python37\lib\site-packages\selenium\webdriver\remote\webdriver.py:978: in find_element<br/>    &#x27;value&#x27;: value})[&#x27;value&#x27;]<br/>c:\users\chris_000\appdata\local\programs\python\python37\lib\site-packages\selenium\webdriver\remote\webdriver.py:321: in execute<br/>    self.error_handler.check_response(response)<br/>_ _ _ _ _ _ _ _ _ _ _ _ _ _ _ _ _ _ _ _ _ _ _ _ _ _ _ _ _ _ _ _ _ _ _ _ _ _ _ _<br/><br/>self = &lt;selenium.webdriver.remote.errorhandler.ErrorHandler object at 0x000001B1D22DAC88&gt;<br/>response = {&#x27;status&#x27;: 404, &#x27;value&#x27;: &#x27;{&quot;value&quot;:{&quot;error&quot;:&quot;no such element&quot;,&quot;message&quot;:&quot;no such element: Unable to locate element: {\...\n\\tRtlGetAppContainerNamedObjectPath [0x778D7C7E+286]\\n\\tRtlGetAppContainerNamedObjectPath [0x778D7C4E+238]\\n&quot;}}&#x27;}<br/><br/>    def check_response(self, response):<br/>        &quot;&quot;&quot;<br/>        Checks that a JSON response from the WebDriver does not have an error.<br/>    <br/>        :Args:<br/>         - response - The JSON response from the WebDriver server as a dictionary<br/>           object.<br/>    <br/>        :Raises: If the response contains an error message.<br/>        &quot;&quot;&quot;<br/>        status = response.get(&#x27;status&#x27;, None)<br/>        if status is None or status == ErrorCode.SUCCESS:<br/>            return<br/>        value = None<br/>        message = response.get(&quot;message&quot;, &quot;&quot;)<br/>        screen = response.get(&quot;screen&quot;, &quot;&quot;)<br/>        stacktrace = None<br/>        if isinstance(status, int):<br/>            value_json = response.get(&#x27;value&#x27;, None)<br/>            if value_json and isinstance(value_json, basestring):<br/>                import json<br/>                try:<br/>                    value = json.loads(value_json)<br/>                    if len(value.keys()) == 1:<br/>                        value = value[&#x27;value&#x27;]<br/>                    status = value.get(&#x27;error&#x27;, None)<br/>                    if status is None:<br/>                        status = value[&quot;status&quot;]<br/>                        message = value[&quot;value&quot;]<br/>                        if not isinstance(message, basestring):<br/>                            value = message<br/>                            message = message.get(&#x27;message&#x27;)<br/>                    else:<br/>                        message = value.get(&#x27;message&#x27;, None)<br/>                except ValueError:<br/>                    pass<br/>    <br/>        exception_class = ErrorInResponseException<br/>        if status in ErrorCode.NO_SUCH_ELEMENT:<br/>            exception_class = NoSuchElementException<br/>        elif status in ErrorCode.NO_SUCH_FRAME:<br/>            exception_class = NoSuchFrameException<br/>        elif status in ErrorCode.NO_SUCH_WINDOW:<br/>            exception_class = NoSuchWindowException<br/>        elif status in ErrorCode.STALE_ELEMENT_REFERENCE:<br/>            exception_class = StaleElementReferenceException<br/>        elif status in ErrorCode.ELEMENT_NOT_VISIBLE:<br/>            exception_class = ElementNotVisibleException<br/>        elif status in ErrorCode.INVALID_ELEMENT_STATE:<br/>            exception_class = InvalidElementStateException<br/>        elif status in ErrorCode.INVALID_SELECTOR \<br/>                or status in ErrorCode.INVALID_XPATH_SELECTOR \<br/>                or status in ErrorCode.INVALID_XPATH_SELECTOR_RETURN_TYPER:<br/>            exception_class = InvalidSelectorException<br/>        elif status in ErrorCode.ELEMENT_IS_NOT_SELECTABLE:<br/>            exception_class = ElementNotSelectableException<br/>        elif status in ErrorCode.ELEMENT_NOT_INTERACTABLE:<br/>            exception_class = ElementNotInteractableException<br/>        elif status in ErrorCode.INVALID_COOKIE_DOMAIN:<br/>            exception_class = InvalidCookieDomainException<br/>        elif status in ErrorCode.UNABLE_TO_SET_COOKIE:<br/>            exception_class = UnableToSetCookieException<br/>        elif status in ErrorCode.TIMEOUT:<br/>            exception_class = TimeoutException<br/>        elif status in ErrorCode.SCRIPT_TIMEOUT:<br/>            exception_class = TimeoutException<br/>        elif status in ErrorCode.UNKNOWN_ERROR:<br/>            exception_class = WebDriverException<br/>        elif status in ErrorCode.UNEXPECTED_ALERT_OPEN:<br/>            exception_class = UnexpectedAlertPresentException<br/>        elif status in ErrorCode.NO_ALERT_OPEN:<br/>            exception_class = NoAlertPresentException<br/>        elif status in ErrorCode.IME_NOT_AVAILABLE:<br/>            exception_class = ImeNotAvailableException<br/>        elif status in ErrorCode.IME_ENGINE_ACTIVATION_FAILED:<br/>            exception_class = ImeActivationFailedException<br/>        elif status in ErrorCode.MOVE_TARGET_OUT_OF_BOUNDS:<br/>            exception_class = MoveTargetOutOfBoundsException<br/>        elif status in ErrorCode.JAVASCRIPT_ERROR:<br/>            exception_class = JavascriptException<br/>        elif status in ErrorCode.SESSION_NOT_CREATED:<br/>            exception_class = SessionNotCreatedException<br/>        elif status in ErrorCode.INVALID_ARGUMENT:<br/>            exception_class = InvalidArgumentException<br/>        elif status in ErrorCode.NO_SUCH_COOKIE:<br/>            exception_class = NoSuchCookieException<br/>        elif status in ErrorCode.UNABLE_TO_CAPTURE_SCREEN:<br/>            exception_class = ScreenshotException<br/>        elif status in ErrorCode.ELEMENT_CLICK_INTERCEPTED:<br/>            exception_class = ElementClickInterceptedException<br/>        elif status in ErrorCode.INSECURE_CERTIFICATE:<br/>            exception_class = InsecureCertificateException<br/>        elif status in ErrorCode.INVALID_COORDINATES:<br/>            exception_class = InvalidCoordinatesException<br/>        elif status in ErrorCode.INVALID_SESSION_ID:<br/>            exception_class = InvalidSessionIdException<br/>        elif status in ErrorCode.UNKNOWN_METHOD:<br/>            exception_class = UnknownMethodException<br/>        else:<br/>            exception_class = WebDriverException<br/>        if value == &#x27;&#x27; or value is None:<br/>            value = response[&#x27;value&#x27;]<br/>        if isinstance(value, basestring):<br/>            if exception_class == ErrorInResponseException:<br/>                raise exception_class(response, value)<br/>            raise exception_class(value)<br/>        if message == &quot;&quot; and &#x27;message&#x27; in value:<br/>            message = value[&#x27;message&#x27;]<br/>    <br/>        screen = None<br/>        if &#x27;screen&#x27; in value:<br/>            screen = value[&#x27;screen&#x27;]<br/>    <br/>        stacktrace = None<br/>        if &#x27;stackTrace&#x27; in value and value[&#x27;stackTrace&#x27;]:<br/>            stacktrace = []<br/>            try:<br/>                for frame in value[&#x27;stackTrace&#x27;]:<br/>                    line = self._value_or_default(frame, &#x27;lineNumber&#x27;, &#x27;&#x27;)<br/>                    file = self._value_or_default(frame, &#x27;fileName&#x27;, &#x27;&lt;anonymous&gt;&#x27;)<br/>                    if line:<br/>                        file = &quot;%s:%s&quot; % (file, line)<br/>                    meth = self._value_or_default(frame, &#x27;methodName&#x27;, &#x27;&lt;anonymous&gt;&#x27;)<br/>                    if &#x27;className&#x27; in frame:<br/>                        meth = &quot;%s.%s&quot; % (frame[&#x27;className&#x27;], meth)<br/>                    msg = &quot;    at %s (%s)&quot;<br/>                    msg = msg % (meth, file)<br/>                    stacktrace.append(msg)<br/>            except TypeError:<br/>                pass<br/>        if exception_class == ErrorInResponseException:<br/>            raise exception_class(response, message)<br/>        elif exception_class == UnexpectedAlertPresentException:<br/>            alert_text = None<br/>            if &#x27;data&#x27; in value:<br/>                alert_text = value[&#x27;data&#x27;].get(&#x27;text&#x27;)<br/>            elif &#x27;alert&#x27; in value:<br/>                alert_text = value[&#x27;alert&#x27;].get(&#x27;text&#x27;)<br/>            raise exception_class(message, screen, stacktrace, alert_text)<br/>&gt;       raise exception_class(message, screen, stacktrace)<br/><span class="error">E       selenium.common.exceptions.NoSuchElementException: Message: no such element: Unable to locate element: {&quot;method&quot;:&quot;xpath&quot;,&quot;selector&quot;:&quot;//h3[text()=&#x27;Nested Frames&#x27;]&quot;}</span><br/><span class="error">E         (Session info: chrome=89.0.4389.82)</span><br/><br/>c:\users\chris_000\appdata\local\programs\python\python37\lib\site-packages\selenium\webdriver\remote\errorhandler.py:242: NoSuchElementException<br/> -------------------------------Captured log call-------------------------------- <br/>INFO     test_Nested_frames:test_Page_NestedFrames.py:19 TEST START
INFO     test_Nested_frames:test_Page_NestedFrames.py:25 URL: https://the-internet.herokuapp.com/nested_frames<br/></div></td></tr></tbody>
      <tbody class="failed results-table-row">
        <tr>
          <td class="col-result">Failed</td>
          <td class="col-name">test_End_To_End.py::TestSecureFileDownload::test_secure_file_download</td>
          <td class="col-duration">0.25</td>
          <td class="col-links"></td></tr>
        <tr>
          <td class="extra" colspan="4">
            <div><div><img src="test_End_To_End.py_TestSecureFileDownload_test_secure_file_download_%(date).png" alt="screenshot" style="width:304px;height:228px;" onclick="window.open(this.src)" align="right"/></div></div>
            <div class="log">self = &lt;tests.test_Page_SecureFileDownload.TestSecureFileDownload object at 0x000001B1D220F188&gt;<br/><br/>    def test_secure_file_download(self):<br/>        # Enter the Page<br/>        log = self.getLogger()<br/>        secureFileDownload_page = SecureFileDownloadPage(self.driver)<br/>        log.info(&quot;TEST START&quot;)<br/>        secureFileDownload_page.secureFileDownload_LinkText().click()<br/>    <br/>        # Verify the URL<br/>        url = self.driver.current_url<br/>        assert url == &quot;https://the-internet.herokuapp.com/download_secure&quot;<br/>        log.info(&quot;URL: &quot; + url)<br/>    <br/>        # Verify the Header<br/>&gt;       header_text = secureFileDownload_page.secureFileDownload_HeaderText().text<br/><br/>test_Page_SecureFileDownload.py:28: <br/>_ _ _ _ _ _ _ _ _ _ _ _ _ _ _ _ _ _ _ _ _ _ _ _ _ _ _ _ _ _ _ _ _ _ _ _ _ _ _ _<br/>..\pageObjects\SecureFileDownloadPage.py:36: in secureFileDownload_HeaderText<br/>    return self.driver.find_element(*SecureFileDownloadPage.secure_Header)<br/>c:\users\chris_000\appdata\local\programs\python\python37\lib\site-packages\selenium\webdriver\remote\webdriver.py:978: in find_element<br/>    &#x27;value&#x27;: value})[&#x27;value&#x27;]<br/>c:\users\chris_000\appdata\local\programs\python\python37\lib\site-packages\selenium\webdriver\remote\webdriver.py:321: in execute<br/>    self.error_handler.check_response(response)<br/>_ _ _ _ _ _ _ _ _ _ _ _ _ _ _ _ _ _ _ _ _ _ _ _ _ _ _ _ _ _ _ _ _ _ _ _ _ _ _ _<br/><br/>self = &lt;selenium.webdriver.remote.errorhandler.ErrorHandler object at 0x000001B1D22A3F48&gt;<br/>response = {&#x27;status&#x27;: 404, &#x27;value&#x27;: &#x27;{&quot;value&quot;:{&quot;error&quot;:&quot;no such element&quot;,&quot;message&quot;:&quot;no such element: Unable to locate element: {\...\n\\tRtlGetAppContainerNamedObjectPath [0x778D7C7E+286]\\n\\tRtlGetAppContainerNamedObjectPath [0x778D7C4E+238]\\n&quot;}}&#x27;}<br/><br/>    def check_response(self, response):<br/>        &quot;&quot;&quot;<br/>        Checks that a JSON response from the WebDriver does not have an error.<br/>    <br/>        :Args:<br/>         - response - The JSON response from the WebDriver server as a dictionary<br/>           object.<br/>    <br/>        :Raises: If the response contains an error message.<br/>        &quot;&quot;&quot;<br/>        status = response.get(&#x27;status&#x27;, None)<br/>        if status is None or status == ErrorCode.SUCCESS:<br/>            return<br/>        value = None<br/>        message = response.get(&quot;message&quot;, &quot;&quot;)<br/>        screen = response.get(&quot;screen&quot;, &quot;&quot;)<br/>        stacktrace = None<br/>        if isinstance(status, int):<br/>            value_json = response.get(&#x27;value&#x27;, None)<br/>            if value_json and isinstance(value_json, basestring):<br/>                import json<br/>                try:<br/>                    value = json.loads(value_json)<br/>                    if len(value.keys()) == 1:<br/>                        value = value[&#x27;value&#x27;]<br/>                    status = value.get(&#x27;error&#x27;, None)<br/>                    if status is None:<br/>                        status = value[&quot;status&quot;]<br/>                        message = value[&quot;value&quot;]<br/>                        if not isinstance(message, basestring):<br/>                            value = message<br/>                            message = message.get(&#x27;message&#x27;)<br/>                    else:<br/>                        message = value.get(&#x27;message&#x27;, None)<br/>                except ValueError:<br/>                    pass<br/>    <br/>        exception_class = ErrorInResponseException<br/>        if status in ErrorCode.NO_SUCH_ELEMENT:<br/>            exception_class = NoSuchElementException<br/>        elif status in ErrorCode.NO_SUCH_FRAME:<br/>            exception_class = NoSuchFrameException<br/>        elif status in ErrorCode.NO_SUCH_WINDOW:<br/>            exception_class = NoSuchWindowException<br/>        elif status in ErrorCode.STALE_ELEMENT_REFERENCE:<br/>            exception_class = StaleElementReferenceException<br/>        elif status in ErrorCode.ELEMENT_NOT_VISIBLE:<br/>            exception_class = ElementNotVisibleException<br/>        elif status in ErrorCode.INVALID_ELEMENT_STATE:<br/>            exception_class = InvalidElementStateException<br/>        elif status in ErrorCode.INVALID_SELECTOR \<br/>                or status in ErrorCode.INVALID_XPATH_SELECTOR \<br/>                or status in ErrorCode.INVALID_XPATH_SELECTOR_RETURN_TYPER:<br/>            exception_class = InvalidSelectorException<br/>        elif status in ErrorCode.ELEMENT_IS_NOT_SELECTABLE:<br/>            exception_class = ElementNotSelectableException<br/>        elif status in ErrorCode.ELEMENT_NOT_INTERACTABLE:<br/>            exception_class = ElementNotInteractableException<br/>        elif status in ErrorCode.INVALID_COOKIE_DOMAIN:<br/>            exception_class = InvalidCookieDomainException<br/>        elif status in ErrorCode.UNABLE_TO_SET_COOKIE:<br/>            exception_class = UnableToSetCookieException<br/>        elif status in ErrorCode.TIMEOUT:<br/>            exception_class = TimeoutException<br/>        elif status in ErrorCode.SCRIPT_TIMEOUT:<br/>            exception_class = TimeoutException<br/>        elif status in ErrorCode.UNKNOWN_ERROR:<br/>            exception_class = WebDriverException<br/>        elif status in ErrorCode.UNEXPECTED_ALERT_OPEN:<br/>            exception_class = UnexpectedAlertPresentException<br/>        elif status in ErrorCode.NO_ALERT_OPEN:<br/>            exception_class = NoAlertPresentException<br/>        elif status in ErrorCode.IME_NOT_AVAILABLE:<br/>            exception_class = ImeNotAvailableException<br/>        elif status in ErrorCode.IME_ENGINE_ACTIVATION_FAILED:<br/>            exception_class = ImeActivationFailedException<br/>        elif status in ErrorCode.MOVE_TARGET_OUT_OF_BOUNDS:<br/>            exception_class = MoveTargetOutOfBoundsException<br/>        elif status in ErrorCode.JAVASCRIPT_ERROR:<br/>            exception_class = JavascriptException<br/>        elif status in ErrorCode.SESSION_NOT_CREATED:<br/>            exception_class = SessionNotCreatedException<br/>        elif status in ErrorCode.INVALID_ARGUMENT:<br/>            exception_class = InvalidArgumentException<br/>        elif status in ErrorCode.NO_SUCH_COOKIE:<br/>            exception_class = NoSuchCookieException<br/>        elif status in ErrorCode.UNABLE_TO_CAPTURE_SCREEN:<br/>            exception_class = ScreenshotException<br/>        elif status in ErrorCode.ELEMENT_CLICK_INTERCEPTED:<br/>            exception_class = ElementClickInterceptedException<br/>        elif status in ErrorCode.INSECURE_CERTIFICATE:<br/>            exception_class = InsecureCertificateException<br/>        elif status in ErrorCode.INVALID_COORDINATES:<br/>            exception_class = InvalidCoordinatesException<br/>        elif status in ErrorCode.INVALID_SESSION_ID:<br/>            exception_class = InvalidSessionIdException<br/>        elif status in ErrorCode.UNKNOWN_METHOD:<br/>            exception_class = UnknownMethodException<br/>        else:<br/>            exception_class = WebDriverException<br/>        if value == &#x27;&#x27; or value is None:<br/>            value = response[&#x27;value&#x27;]<br/>        if isinstance(value, basestring):<br/>            if exception_class == ErrorInResponseException:<br/>                raise exception_class(response, value)<br/>            raise exception_class(value)<br/>        if message == &quot;&quot; and &#x27;message&#x27; in value:<br/>            message = value[&#x27;message&#x27;]<br/>    <br/>        screen = None<br/>        if &#x27;screen&#x27; in value:<br/>            screen = value[&#x27;screen&#x27;]<br/>    <br/>        stacktrace = None<br/>        if &#x27;stackTrace&#x27; in value and value[&#x27;stackTrace&#x27;]:<br/>            stacktrace = []<br/>            try:<br/>                for frame in value[&#x27;stackTrace&#x27;]:<br/>                    line = self._value_or_default(frame, &#x27;lineNumber&#x27;, &#x27;&#x27;)<br/>                    file = self._value_or_default(frame, &#x27;fileName&#x27;, &#x27;&lt;anonymous&gt;&#x27;)<br/>                    if line:<br/>                        file = &quot;%s:%s&quot; % (file, line)<br/>                    meth = self._value_or_default(frame, &#x27;methodName&#x27;, &#x27;&lt;anonymous&gt;&#x27;)<br/>                    if &#x27;className&#x27; in frame:<br/>                        meth = &quot;%s.%s&quot; % (frame[&#x27;className&#x27;], meth)<br/>                    msg = &quot;    at %s (%s)&quot;<br/>                    msg = msg % (meth, file)<br/>                    stacktrace.append(msg)<br/>            except TypeError:<br/>                pass<br/>        if exception_class == ErrorInResponseException:<br/>            raise exception_class(response, message)<br/>        elif exception_class == UnexpectedAlertPresentException:<br/>            alert_text = None<br/>            if &#x27;data&#x27; in value:<br/>                alert_text = value[&#x27;data&#x27;].get(&#x27;text&#x27;)<br/>            elif &#x27;alert&#x27; in value:<br/>                alert_text = value[&#x27;alert&#x27;].get(&#x27;text&#x27;)<br/>            raise exception_class(message, screen, stacktrace, alert_text)<br/>&gt;       raise exception_class(message, screen, stacktrace)<br/><span class="error">E       selenium.common.exceptions.NoSuchElementException: Message: no such element: Unable to locate element: {&quot;method&quot;:&quot;xpath&quot;,&quot;selector&quot;:&quot;//h3[text()=&#x27;Secure File Download&#x27;]&quot;}</span><br/><span class="error">E         (Session info: chrome=89.0.4389.82)</span><br/><br/>c:\users\chris_000\appdata\local\programs\python\python37\lib\site-packages\selenium\webdriver\remote\errorhandler.py:242: NoSuchElementException<br/> -------------------------------Captured log call-------------------------------- <br/>INFO     test_secure_file_download:test_Page_SecureFileDownload.py:19 TEST START
INFO     test_secure_file_download:test_Page_SecureFileDownload.py:25 URL: https://the-internet.herokuapp.com/download_secure<br/></div></td></tr></tbody>
      <tbody class="failed results-table-row">
        <tr>
          <td class="col-result">Failed</td>
          <td class="col-name">test_End_To_End.py::TestShiftingContent::test_shifting_content</td>
          <td class="col-duration">0.65</td>
          <td class="col-links"></td></tr>
        <tr>
          <td class="extra" colspan="4">
            <div><div><img src="test_End_To_End.py_TestShiftingContent_test_shifting_content_%(date).png" alt="screenshot" style="width:304px;height:228px;" onclick="window.open(this.src)" align="right"/></div></div>
            <div class="log">self = &lt;tests.test_Page_ShiftingContent.TestShiftingContent object at 0x000001B1D20D6D08&gt;<br/><br/>    def test_shifting_content(self):<br/>        # Enter the Page<br/>        log = self.getLogger()<br/>        shiftingContent_page = ShiftingContentPage(self.driver)<br/>        log.info(&quot;TEST START&quot;)<br/>        shiftingContent_page.shiftingContent_LinkText().click()<br/>    <br/>        # Verify the URL<br/>        url = self.driver.current_url<br/>        assert url == &quot;https://the-internet.herokuapp.com/shifting_content&quot;<br/>        log.info(&quot;URL: &quot; + url)<br/>    <br/>        # Verify the Header<br/>        header_text = shiftingContent_page.shiftingContent_HeaderText().text<br/>        assert (&quot;Shifting Content&quot; in header_text)<br/>        log.info(&quot;Header: &quot; + header_text)<br/>    <br/>    <br/>        # todo - Verify Menu page<br/>        shiftingContent_page.shiftingContent_MenuLink().click()<br/>        ex1_header = shiftingContent_page.shiftingContent_Example1_HeaderText().text<br/>        assert (&quot;Shifting Content: Menu Element&quot; in ex1_header)<br/>        # xxx_page.xxxx_Item().click()<br/>        # xXxX = xxxx_page.xxxx_Elements()<br/>        # assert (xXxX in xxxx)<br/>        # log.info(&quot;Elements Passed&quot;)<br/>    <br/>        # todo - Verify Image page<br/>&gt;       shiftingContent_page.shiftingContent_ImageLink().click()<br/><br/>test_Page_ShiftingContent.py:44: <br/>_ _ _ _ _ _ _ _ _ _ _ _ _ _ _ _ _ _ _ _ _ _ _ _ _ _ _ _ _ _ _ _ _ _ _ _ _ _ _ _<br/>..\pageObjects\ShiftingContentPage.py:52: in shiftingContent_ImageLink<br/>    return self.driver.find_element(*ShiftingContentPage.shifting_Image)<br/>c:\users\chris_000\appdata\local\programs\python\python37\lib\site-packages\selenium\webdriver\remote\webdriver.py:978: in find_element<br/>    &#x27;value&#x27;: value})[&#x27;value&#x27;]<br/>c:\users\chris_000\appdata\local\programs\python\python37\lib\site-packages\selenium\webdriver\remote\webdriver.py:321: in execute<br/>    self.error_handler.check_response(response)<br/>_ _ _ _ _ _ _ _ _ _ _ _ _ _ _ _ _ _ _ _ _ _ _ _ _ _ _ _ _ _ _ _ _ _ _ _ _ _ _ _<br/><br/>self = &lt;selenium.webdriver.remote.errorhandler.ErrorHandler object at 0x000001B1D20D5D88&gt;<br/>response = {&#x27;status&#x27;: 404, &#x27;value&#x27;: &#x27;{&quot;value&quot;:{&quot;error&quot;:&quot;no such element&quot;,&quot;message&quot;:&quot;no such element: Unable to locate element: {\...\n\\tRtlGetAppContainerNamedObjectPath [0x778D7C7E+286]\\n\\tRtlGetAppContainerNamedObjectPath [0x778D7C4E+238]\\n&quot;}}&#x27;}<br/><br/>    def check_response(self, response):<br/>        &quot;&quot;&quot;<br/>        Checks that a JSON response from the WebDriver does not have an error.<br/>    <br/>        :Args:<br/>         - response - The JSON response from the WebDriver server as a dictionary<br/>           object.<br/>    <br/>        :Raises: If the response contains an error message.<br/>        &quot;&quot;&quot;<br/>        status = response.get(&#x27;status&#x27;, None)<br/>        if status is None or status == ErrorCode.SUCCESS:<br/>            return<br/>        value = None<br/>        message = response.get(&quot;message&quot;, &quot;&quot;)<br/>        screen = response.get(&quot;screen&quot;, &quot;&quot;)<br/>        stacktrace = None<br/>        if isinstance(status, int):<br/>            value_json = response.get(&#x27;value&#x27;, None)<br/>            if value_json and isinstance(value_json, basestring):<br/>                import json<br/>                try:<br/>                    value = json.loads(value_json)<br/>                    if len(value.keys()) == 1:<br/>                        value = value[&#x27;value&#x27;]<br/>                    status = value.get(&#x27;error&#x27;, None)<br/>                    if status is None:<br/>                        status = value[&quot;status&quot;]<br/>                        message = value[&quot;value&quot;]<br/>                        if not isinstance(message, basestring):<br/>                            value = message<br/>                            message = message.get(&#x27;message&#x27;)<br/>                    else:<br/>                        message = value.get(&#x27;message&#x27;, None)<br/>                except ValueError:<br/>                    pass<br/>    <br/>        exception_class = ErrorInResponseException<br/>        if status in ErrorCode.NO_SUCH_ELEMENT:<br/>            exception_class = NoSuchElementException<br/>        elif status in ErrorCode.NO_SUCH_FRAME:<br/>            exception_class = NoSuchFrameException<br/>        elif status in ErrorCode.NO_SUCH_WINDOW:<br/>            exception_class = NoSuchWindowException<br/>        elif status in ErrorCode.STALE_ELEMENT_REFERENCE:<br/>            exception_class = StaleElementReferenceException<br/>        elif status in ErrorCode.ELEMENT_NOT_VISIBLE:<br/>            exception_class = ElementNotVisibleException<br/>        elif status in ErrorCode.INVALID_ELEMENT_STATE:<br/>            exception_class = InvalidElementStateException<br/>        elif status in ErrorCode.INVALID_SELECTOR \<br/>                or status in ErrorCode.INVALID_XPATH_SELECTOR \<br/>                or status in ErrorCode.INVALID_XPATH_SELECTOR_RETURN_TYPER:<br/>            exception_class = InvalidSelectorException<br/>        elif status in ErrorCode.ELEMENT_IS_NOT_SELECTABLE:<br/>            exception_class = ElementNotSelectableException<br/>        elif status in ErrorCode.ELEMENT_NOT_INTERACTABLE:<br/>            exception_class = ElementNotInteractableException<br/>        elif status in ErrorCode.INVALID_COOKIE_DOMAIN:<br/>            exception_class = InvalidCookieDomainException<br/>        elif status in ErrorCode.UNABLE_TO_SET_COOKIE:<br/>            exception_class = UnableToSetCookieException<br/>        elif status in ErrorCode.TIMEOUT:<br/>            exception_class = TimeoutException<br/>        elif status in ErrorCode.SCRIPT_TIMEOUT:<br/>            exception_class = TimeoutException<br/>        elif status in ErrorCode.UNKNOWN_ERROR:<br/>            exception_class = WebDriverException<br/>        elif status in ErrorCode.UNEXPECTED_ALERT_OPEN:<br/>            exception_class = UnexpectedAlertPresentException<br/>        elif status in ErrorCode.NO_ALERT_OPEN:<br/>            exception_class = NoAlertPresentException<br/>        elif status in ErrorCode.IME_NOT_AVAILABLE:<br/>            exception_class = ImeNotAvailableException<br/>        elif status in ErrorCode.IME_ENGINE_ACTIVATION_FAILED:<br/>            exception_class = ImeActivationFailedException<br/>        elif status in ErrorCode.MOVE_TARGET_OUT_OF_BOUNDS:<br/>            exception_class = MoveTargetOutOfBoundsException<br/>        elif status in ErrorCode.JAVASCRIPT_ERROR:<br/>            exception_class = JavascriptException<br/>        elif status in ErrorCode.SESSION_NOT_CREATED:<br/>            exception_class = SessionNotCreatedException<br/>        elif status in ErrorCode.INVALID_ARGUMENT:<br/>            exception_class = InvalidArgumentException<br/>        elif status in ErrorCode.NO_SUCH_COOKIE:<br/>            exception_class = NoSuchCookieException<br/>        elif status in ErrorCode.UNABLE_TO_CAPTURE_SCREEN:<br/>            exception_class = ScreenshotException<br/>        elif status in ErrorCode.ELEMENT_CLICK_INTERCEPTED:<br/>            exception_class = ElementClickInterceptedException<br/>        elif status in ErrorCode.INSECURE_CERTIFICATE:<br/>            exception_class = InsecureCertificateException<br/>        elif status in ErrorCode.INVALID_COORDINATES:<br/>            exception_class = InvalidCoordinatesException<br/>        elif status in ErrorCode.INVALID_SESSION_ID:<br/>            exception_class = InvalidSessionIdException<br/>        elif status in ErrorCode.UNKNOWN_METHOD:<br/>            exception_class = UnknownMethodException<br/>        else:<br/>            exception_class = WebDriverException<br/>        if value == &#x27;&#x27; or value is None:<br/>            value = response[&#x27;value&#x27;]<br/>        if isinstance(value, basestring):<br/>            if exception_class == ErrorInResponseException:<br/>                raise exception_class(response, value)<br/>            raise exception_class(value)<br/>        if message == &quot;&quot; and &#x27;message&#x27; in value:<br/>            message = value[&#x27;message&#x27;]<br/>    <br/>        screen = None<br/>        if &#x27;screen&#x27; in value:<br/>            screen = value[&#x27;screen&#x27;]<br/>    <br/>        stacktrace = None<br/>        if &#x27;stackTrace&#x27; in value and value[&#x27;stackTrace&#x27;]:<br/>            stacktrace = []<br/>            try:<br/>                for frame in value[&#x27;stackTrace&#x27;]:<br/>                    line = self._value_or_default(frame, &#x27;lineNumber&#x27;, &#x27;&#x27;)<br/>                    file = self._value_or_default(frame, &#x27;fileName&#x27;, &#x27;&lt;anonymous&gt;&#x27;)<br/>                    if line:<br/>                        file = &quot;%s:%s&quot; % (file, line)<br/>                    meth = self._value_or_default(frame, &#x27;methodName&#x27;, &#x27;&lt;anonymous&gt;&#x27;)<br/>                    if &#x27;className&#x27; in frame:<br/>                        meth = &quot;%s.%s&quot; % (frame[&#x27;className&#x27;], meth)<br/>                    msg = &quot;    at %s (%s)&quot;<br/>                    msg = msg % (meth, file)<br/>                    stacktrace.append(msg)<br/>            except TypeError:<br/>                pass<br/>        if exception_class == ErrorInResponseException:<br/>            raise exception_class(response, message)<br/>        elif exception_class == UnexpectedAlertPresentException:<br/>            alert_text = None<br/>            if &#x27;data&#x27; in value:<br/>                alert_text = value[&#x27;data&#x27;].get(&#x27;text&#x27;)<br/>            elif &#x27;alert&#x27; in value:<br/>                alert_text = value[&#x27;alert&#x27;].get(&#x27;text&#x27;)<br/>            raise exception_class(message, screen, stacktrace, alert_text)<br/>&gt;       raise exception_class(message, screen, stacktrace)<br/><span class="error">E       selenium.common.exceptions.NoSuchElementException: Message: no such element: Unable to locate element: {&quot;method&quot;:&quot;xpath&quot;,&quot;selector&quot;:&quot;//a[@href=&#x27;/shifting_content/image&#x27;] &quot;}</span><br/><span class="error">E         (Session info: chrome=89.0.4389.82)</span><br/><br/>c:\users\chris_000\appdata\local\programs\python\python37\lib\site-packages\selenium\webdriver\remote\errorhandler.py:242: NoSuchElementException<br/> -------------------------------Captured log call-------------------------------- <br/>INFO     test_shifting_content:test_Page_ShiftingContent.py:20 TEST START
INFO     test_shifting_content:test_Page_ShiftingContent.py:26 URL: https://the-internet.herokuapp.com/shifting_content
INFO     test_shifting_content:test_Page_ShiftingContent.py:31 Header: Shifting Content<br/></div></td></tr></tbody>
      <tbody class="failed results-table-row">
        <tr>
          <td class="col-result">Failed</td>
          <td class="col-name">test_End_To_End.py::TestSortableDataTables::test_Sortable_data_tables</td>
          <td class="col-duration">0.44</td>
          <td class="col-links"></td></tr>
        <tr>
          <td class="extra" colspan="4">
            <div><div><img src="test_End_To_End.py_TestSortableDataTables_test_Sortable_data_tables_%(date).png" alt="screenshot" style="width:304px;height:228px;" onclick="window.open(this.src)" align="right"/></div></div>
            <div class="log">self = &lt;tests.test_Page_SortableDataTables.TestSortableDataTables object at 0x000001B1D23CE1C8&gt;<br/><br/>    def test_Sortable_data_tables(self):<br/>        # Enter the Page<br/>        log = self.getLogger()<br/>        sortableDataTables_page = SortableDataTablesPage(self.driver)<br/>        log.info(&quot;TEST START&quot;)<br/>        sortableDataTables_page.sortableDataTables_Link().click()<br/>    <br/>        # Verify the URL<br/>        url = self.driver.current_url<br/>&gt;       assert url == &quot;https://xxxx/xxxx&quot;<br/><span class="error">E       AssertionError: assert &#x27;https://the-...pp.com/tables&#x27; == &#x27;https://xxxx/xxxx&#x27;</span><br/><span class="error">E         - https://xxxx/xxxx</span><br/><span class="error">E         + https://the-internet.herokuapp.com/tables</span><br/><br/>test_Page_SortableDataTables.py:24: AssertionError<br/> -------------------------------Captured log call-------------------------------- <br/>INFO     test_Sortable_data_tables:test_Page_SortableDataTables.py:19 TEST START<br/></div></td></tr></tbody>
      <tbody class="failed results-table-row">
        <tr>
          <td class="col-result">Failed</td>
          <td class="col-name">test_End_To_End.py::TestStatusCodes::test_status_codes</td>
          <td class="col-duration">0.52</td>
          <td class="col-links"></td></tr>
        <tr>
          <td class="extra" colspan="4">
            <div><div><img src="test_End_To_End.py_TestStatusCodes_test_status_codes_%(date).png" alt="screenshot" style="width:304px;height:228px;" onclick="window.open(this.src)" align="right"/></div></div>
            <div class="log">self = &lt;tests.test_Page_StatusCodes.TestStatusCodes object at 0x000001B1D22E2FC8&gt;<br/><br/>    def test_status_codes(self):<br/>        # Enter the Page<br/>        log = self.getLogger()<br/>        statusCodes_page = StatusCodesPage(self.driver)<br/>        log.info(&quot;TEST START&quot;)<br/>        statusCodes_page.statusCodes_LinkText().click()<br/>    <br/>        # Verify the URL<br/>        url = self.driver.current_url<br/>        assert url == &quot;https://the-internet.herokuapp.com/status_codes&quot;<br/>        log.info(&quot;URL: &quot; + url)<br/>    <br/>        # Verify the Header<br/>        header_text = statusCodes_page.statusCodes_HeaderText().text<br/>        assert (&quot;Status Codes&quot; in header_text)<br/>        log.info(&quot;Header: &quot; + header_text)<br/>    <br/>    <br/>        # todo - not sure how to conduct the tests for this page<br/>        # todo - Verify 200<br/>        statusCodes_page.statusCodes_Code200().click()<br/>        # xxx_page.xxxx_Item().click()<br/>        # xXxX = xxxx_page.xxxx_Elements()<br/>        # assert (xXxX in xxxx)<br/>        # log.info(&quot;Elements Passed&quot;)<br/>    <br/>        # todo - Verify 301<br/>&gt;       statusCodes_page.statusCodes_Code301().click()<br/><br/>test_Page_StatusCodes.py:42: <br/>_ _ _ _ _ _ _ _ _ _ _ _ _ _ _ _ _ _ _ _ _ _ _ _ _ _ _ _ _ _ _ _ _ _ _ _ _ _ _ _<br/>..\pageObjects\StatusCodesPage.py:38: in statusCodes_Code301<br/>    return self.driver.find_element(*StatusCodesPage.status_301)<br/>c:\users\chris_000\appdata\local\programs\python\python37\lib\site-packages\selenium\webdriver\remote\webdriver.py:978: in find_element<br/>    &#x27;value&#x27;: value})[&#x27;value&#x27;]<br/>c:\users\chris_000\appdata\local\programs\python\python37\lib\site-packages\selenium\webdriver\remote\webdriver.py:321: in execute<br/>    self.error_handler.check_response(response)<br/>_ _ _ _ _ _ _ _ _ _ _ _ _ _ _ _ _ _ _ _ _ _ _ _ _ _ _ _ _ _ _ _ _ _ _ _ _ _ _ _<br/><br/>self = &lt;selenium.webdriver.remote.errorhandler.ErrorHandler object at 0x000001B1D22F27C8&gt;<br/>response = {&#x27;status&#x27;: 404, &#x27;value&#x27;: &#x27;{&quot;value&quot;:{&quot;error&quot;:&quot;no such element&quot;,&quot;message&quot;:&quot;no such element: Unable to locate element: {\...\n\\tRtlGetAppContainerNamedObjectPath [0x778D7C7E+286]\\n\\tRtlGetAppContainerNamedObjectPath [0x778D7C4E+238]\\n&quot;}}&#x27;}<br/><br/>    def check_response(self, response):<br/>        &quot;&quot;&quot;<br/>        Checks that a JSON response from the WebDriver does not have an error.<br/>    <br/>        :Args:<br/>         - response - The JSON response from the WebDriver server as a dictionary<br/>           object.<br/>    <br/>        :Raises: If the response contains an error message.<br/>        &quot;&quot;&quot;<br/>        status = response.get(&#x27;status&#x27;, None)<br/>        if status is None or status == ErrorCode.SUCCESS:<br/>            return<br/>        value = None<br/>        message = response.get(&quot;message&quot;, &quot;&quot;)<br/>        screen = response.get(&quot;screen&quot;, &quot;&quot;)<br/>        stacktrace = None<br/>        if isinstance(status, int):<br/>            value_json = response.get(&#x27;value&#x27;, None)<br/>            if value_json and isinstance(value_json, basestring):<br/>                import json<br/>                try:<br/>                    value = json.loads(value_json)<br/>                    if len(value.keys()) == 1:<br/>                        value = value[&#x27;value&#x27;]<br/>                    status = value.get(&#x27;error&#x27;, None)<br/>                    if status is None:<br/>                        status = value[&quot;status&quot;]<br/>                        message = value[&quot;value&quot;]<br/>                        if not isinstance(message, basestring):<br/>                            value = message<br/>                            message = message.get(&#x27;message&#x27;)<br/>                    else:<br/>                        message = value.get(&#x27;message&#x27;, None)<br/>                except ValueError:<br/>                    pass<br/>    <br/>        exception_class = ErrorInResponseException<br/>        if status in ErrorCode.NO_SUCH_ELEMENT:<br/>            exception_class = NoSuchElementException<br/>        elif status in ErrorCode.NO_SUCH_FRAME:<br/>            exception_class = NoSuchFrameException<br/>        elif status in ErrorCode.NO_SUCH_WINDOW:<br/>            exception_class = NoSuchWindowException<br/>        elif status in ErrorCode.STALE_ELEMENT_REFERENCE:<br/>            exception_class = StaleElementReferenceException<br/>        elif status in ErrorCode.ELEMENT_NOT_VISIBLE:<br/>            exception_class = ElementNotVisibleException<br/>        elif status in ErrorCode.INVALID_ELEMENT_STATE:<br/>            exception_class = InvalidElementStateException<br/>        elif status in ErrorCode.INVALID_SELECTOR \<br/>                or status in ErrorCode.INVALID_XPATH_SELECTOR \<br/>                or status in ErrorCode.INVALID_XPATH_SELECTOR_RETURN_TYPER:<br/>            exception_class = InvalidSelectorException<br/>        elif status in ErrorCode.ELEMENT_IS_NOT_SELECTABLE:<br/>            exception_class = ElementNotSelectableException<br/>        elif status in ErrorCode.ELEMENT_NOT_INTERACTABLE:<br/>            exception_class = ElementNotInteractableException<br/>        elif status in ErrorCode.INVALID_COOKIE_DOMAIN:<br/>            exception_class = InvalidCookieDomainException<br/>        elif status in ErrorCode.UNABLE_TO_SET_COOKIE:<br/>            exception_class = UnableToSetCookieException<br/>        elif status in ErrorCode.TIMEOUT:<br/>            exception_class = TimeoutException<br/>        elif status in ErrorCode.SCRIPT_TIMEOUT:<br/>            exception_class = TimeoutException<br/>        elif status in ErrorCode.UNKNOWN_ERROR:<br/>            exception_class = WebDriverException<br/>        elif status in ErrorCode.UNEXPECTED_ALERT_OPEN:<br/>            exception_class = UnexpectedAlertPresentException<br/>        elif status in ErrorCode.NO_ALERT_OPEN:<br/>            exception_class = NoAlertPresentException<br/>        elif status in ErrorCode.IME_NOT_AVAILABLE:<br/>            exception_class = ImeNotAvailableException<br/>        elif status in ErrorCode.IME_ENGINE_ACTIVATION_FAILED:<br/>            exception_class = ImeActivationFailedException<br/>        elif status in ErrorCode.MOVE_TARGET_OUT_OF_BOUNDS:<br/>            exception_class = MoveTargetOutOfBoundsException<br/>        elif status in ErrorCode.JAVASCRIPT_ERROR:<br/>            exception_class = JavascriptException<br/>        elif status in ErrorCode.SESSION_NOT_CREATED:<br/>            exception_class = SessionNotCreatedException<br/>        elif status in ErrorCode.INVALID_ARGUMENT:<br/>            exception_class = InvalidArgumentException<br/>        elif status in ErrorCode.NO_SUCH_COOKIE:<br/>            exception_class = NoSuchCookieException<br/>        elif status in ErrorCode.UNABLE_TO_CAPTURE_SCREEN:<br/>            exception_class = ScreenshotException<br/>        elif status in ErrorCode.ELEMENT_CLICK_INTERCEPTED:<br/>            exception_class = ElementClickInterceptedException<br/>        elif status in ErrorCode.INSECURE_CERTIFICATE:<br/>            exception_class = InsecureCertificateException<br/>        elif status in ErrorCode.INVALID_COORDINATES:<br/>            exception_class = InvalidCoordinatesException<br/>        elif status in ErrorCode.INVALID_SESSION_ID:<br/>            exception_class = InvalidSessionIdException<br/>        elif status in ErrorCode.UNKNOWN_METHOD:<br/>            exception_class = UnknownMethodException<br/>        else:<br/>            exception_class = WebDriverException<br/>        if value == &#x27;&#x27; or value is None:<br/>            value = response[&#x27;value&#x27;]<br/>        if isinstance(value, basestring):<br/>            if exception_class == ErrorInResponseException:<br/>                raise exception_class(response, value)<br/>            raise exception_class(value)<br/>        if message == &quot;&quot; and &#x27;message&#x27; in value:<br/>            message = value[&#x27;message&#x27;]<br/>    <br/>        screen = None<br/>        if &#x27;screen&#x27; in value:<br/>            screen = value[&#x27;screen&#x27;]<br/>    <br/>        stacktrace = None<br/>        if &#x27;stackTrace&#x27; in value and value[&#x27;stackTrace&#x27;]:<br/>            stacktrace = []<br/>            try:<br/>                for frame in value[&#x27;stackTrace&#x27;]:<br/>                    line = self._value_or_default(frame, &#x27;lineNumber&#x27;, &#x27;&#x27;)<br/>                    file = self._value_or_default(frame, &#x27;fileName&#x27;, &#x27;&lt;anonymous&gt;&#x27;)<br/>                    if line:<br/>                        file = &quot;%s:%s&quot; % (file, line)<br/>                    meth = self._value_or_default(frame, &#x27;methodName&#x27;, &#x27;&lt;anonymous&gt;&#x27;)<br/>                    if &#x27;className&#x27; in frame:<br/>                        meth = &quot;%s.%s&quot; % (frame[&#x27;className&#x27;], meth)<br/>                    msg = &quot;    at %s (%s)&quot;<br/>                    msg = msg % (meth, file)<br/>                    stacktrace.append(msg)<br/>            except TypeError:<br/>                pass<br/>        if exception_class == ErrorInResponseException:<br/>            raise exception_class(response, message)<br/>        elif exception_class == UnexpectedAlertPresentException:<br/>            alert_text = None<br/>            if &#x27;data&#x27; in value:<br/>                alert_text = value[&#x27;data&#x27;].get(&#x27;text&#x27;)<br/>            elif &#x27;alert&#x27; in value:<br/>                alert_text = value[&#x27;alert&#x27;].get(&#x27;text&#x27;)<br/>            raise exception_class(message, screen, stacktrace, alert_text)<br/>&gt;       raise exception_class(message, screen, stacktrace)<br/><span class="error">E       selenium.common.exceptions.NoSuchElementException: Message: no such element: Unable to locate element: {&quot;method&quot;:&quot;xpath&quot;,&quot;selector&quot;:&quot;//a[@href=&#x27;status_codes/301&#x27;]&quot;}</span><br/><span class="error">E         (Session info: chrome=89.0.4389.82)</span><br/><br/>c:\users\chris_000\appdata\local\programs\python\python37\lib\site-packages\selenium\webdriver\remote\errorhandler.py:242: NoSuchElementException<br/> -------------------------------Captured log call-------------------------------- <br/>INFO     test_status_codes:test_Page_StatusCodes.py:19 TEST START
INFO     test_status_codes:test_Page_StatusCodes.py:25 URL: https://the-internet.herokuapp.com/status_codes
INFO     test_status_codes:test_Page_StatusCodes.py:30 Header: Status Codes<br/></div></td></tr></tbody>
      <tbody class="failed results-table-row">
        <tr>
          <td class="col-result">Failed</td>
          <td class="col-name">test_End_To_End.py::TestTypos::test_typos</td>
          <td class="col-duration">0.01</td>
          <td class="col-links"></td></tr>
        <tr>
          <td class="extra" colspan="4">
            <div><div><img src="test_End_To_End.py_TestTypos_test_typos_%(date).png" alt="screenshot" style="width:304px;height:228px;" onclick="window.open(this.src)" align="right"/></div></div>
            <div class="log">self = &lt;tests.test_Page_Typos.TestTypos object at 0x000001B1D23C04C8&gt;<br/><br/>    def test_typos(self):<br/>        # Enter the Page<br/>        log = self.getLogger()<br/>        typos_page = TyposPage(self.driver)<br/>        log.info(&quot;TEST START&quot;)<br/>&gt;       typos_page.typos_Link().click()<br/><span class="error">E       TypeError: &#x27;tuple&#x27; object is not callable</span><br/><br/>test_Page_Typos.py:20: TypeError<br/> -------------------------------Captured log call-------------------------------- <br/>INFO     test_typos:test_Page_Typos.py:19 TEST START<br/></div></td></tr></tbody>
      <tbody class="passed results-table-row">
        <tr>
          <td class="col-result">Passed</td>
          <td class="col-name">test_End_To_End.py::TestEndToEnd::test_RunAll</td>
          <td class="col-duration">0.00</td>
          <td class="col-links"></td></tr>
        <tr>
          <td class="extra" colspan="4">
            <div class="empty log">No log output captured.</div></td></tr></tbody>
      <tbody class="passed results-table-row">
        <tr>
          <td class="col-result">Passed</td>
          <td class="col-name">test_End_To_End.py::TestPageAB::test_ab_control</td>
          <td class="col-duration">2.67</td>
          <td class="col-links"></td></tr>
        <tr>
          <td class="extra" colspan="4">
            <div class="log"> -------------------------------Captured log call-------------------------------- <br/>INFO     test_ab_control:test_Page_AB.py:23 TEST START
INFO     test_ab_control:test_Page_AB.py:29 URL: https://the-internet.herokuapp.com/abtest
INFO     test_ab_control:test_Page_AB.py:39 Header: A/B Test Variation 1
INFO     test_ab_control:test_Page_AB.py:43 A/B Test Variation 1 - All Tests Passed<br/></div></td></tr></tbody>
      <tbody class="passed results-table-row">
        <tr>
          <td class="col-result">Passed</td>
          <td class="col-name">test_End_To_End.py::TestAddRemoveElements::test_add_remove</td>
          <td class="col-duration">2.94</td>
          <td class="col-links"></td></tr>
        <tr>
          <td class="extra" colspan="4">
            <div class="log"> -------------------------------Captured log call-------------------------------- <br/>INFO     test_add_remove:test_Page_AddRemoveElements.py:20 TEST START
INFO     test_add_remove:test_Page_AddRemoveElements.py:27 URL Passed: https://the-internet.herokuapp.com/add_remove_elements/
INFO     test_add_remove:test_Page_AddRemoveElements.py:33 Header: Add/Remove Elements
INFO     test_add_remove:test_Page_AddRemoveElements.py:40 Add Buttons: Passed
INFO     test_add_remove:test_Page_AddRemoveElements.py:49 Removed Buttons: Passed
INFO     test_add_remove:test_Page_AddRemoveElements.py:53 Add/Remove Elements - All Tests Passed<br/></div></td></tr></tbody>
      <tbody class="passed results-table-row">
        <tr>
          <td class="col-result">Passed</td>
          <td class="col-name">test_End_To_End.py::TestBasicAuth::test_basic_auth</td>
          <td class="col-duration">0.58</td>
          <td class="col-links"></td></tr>
        <tr>
          <td class="extra" colspan="4">
            <div class="log"> -------------------------------Captured log call-------------------------------- <br/>INFO     test_basic_auth:test_Page_BasicAuth.py:21 TEST START
INFO     test_basic_auth:test_Page_BasicAuth.py:28 URL: https://the-internet.herokuapp.com/basic_auth<br/></div></td></tr></tbody>
      <tbody class="passed results-table-row">
        <tr>
          <td class="col-result">Passed</td>
          <td class="col-name">test_End_To_End.py::TestBrokenImages::test_broken_images</td>
          <td class="col-duration">2.87</td>
          <td class="col-links"></td></tr>
        <tr>
          <td class="extra" colspan="4">
            <div class="log"> -------------------------------Captured log call-------------------------------- <br/>INFO     test_broken_images:test_Page_BrokenImages.py:19 TEST START
INFO     test_broken_images:test_Page_BrokenImages.py:26 URL: https://the-internet.herokuapp.com/broken_images
INFO     test_broken_images:test_Page_BrokenImages.py:32 Header: Broken Images
INFO     test_broken_images:test_Page_BrokenImages.py:54 Broken Images - All Tests Passed<br/></div></td></tr></tbody>
      <tbody class="passed results-table-row">
        <tr>
          <td class="col-result">Passed</td>
          <td class="col-name">test_End_To_End.py::TestCheckboxes::test_checkboxes</td>
          <td class="col-duration">0.91</td>
          <td class="col-links"></td></tr>
        <tr>
          <td class="extra" colspan="4">
            <div class="log"> -------------------------------Captured log call-------------------------------- <br/>INFO     test_checkboxes:test_Page_Checkboxes.py:20 TEST START
INFO     test_checkboxes:test_Page_Checkboxes.py:27 URL: https://the-internet.herokuapp.com/checkboxes
INFO     test_checkboxes:test_Page_Checkboxes.py:33 Header: Checkboxes
INFO     test_checkboxes:test_Page_Checkboxes.py:46 Checkboxes: Passed
INFO     test_checkboxes:test_Page_Checkboxes.py:50 Checkboxes - All Tests Passed<br/></div></td></tr></tbody>
      <tbody class="passed results-table-row">
        <tr>
          <td class="col-result">Passed</td>
          <td class="col-name">test_End_To_End.py::TestDisappearingElements::test_disappearing_elements</td>
          <td class="col-duration">4.03</td>
          <td class="col-links"></td></tr>
        <tr>
          <td class="extra" colspan="4">
            <div class="log"> -------------------------------Captured log call-------------------------------- <br/>INFO     test_disappearing_elements:test_Page_DisappearingElements.py:30 TEST START
INFO     test_disappearing_elements:test_Page_DisappearingElements.py:36 URL: https://the-internet.herokuapp.com/disappearing_elements
INFO     test_disappearing_elements:test_Page_DisappearingElements.py:42 Header: Disappearing Elements
INFO     test_disappearing_elements:test_Page_DisappearingElements.py:82 Gallery Button: Passed
INFO     test_disappearing_elements:test_Page_DisappearingElements.py:87 Disappearing Elements - All Tests Passed<br/></div></td></tr></tbody>
      <tbody class="passed results-table-row">
        <tr>
          <td class="col-result">Passed</td>
          <td class="col-name">test_End_To_End.py::TestDropdown::test_dropdown</td>
          <td class="col-duration">2.60</td>
          <td class="col-links"></td></tr>
        <tr>
          <td class="extra" colspan="4">
            <div class="log"> -------------------------------Captured log call-------------------------------- <br/>INFO     test_dropdown:test_Page_DropDown.py:20 TEST START
INFO     test_dropdown:test_Page_DropDown.py:27 URL: https://the-internet.herokuapp.com/dropdown
INFO     test_dropdown:test_Page_DropDown.py:33 Header: Dropdown List
INFO     test_dropdown:test_Page_DropDown.py:44 Dropdown: Please select an option
INFO     test_dropdown:test_Page_DropDown.py:44 Dropdown: Option 1
INFO     test_dropdown:test_Page_DropDown.py:44 Dropdown: Option 2
INFO     test_dropdown:test_Page_DropDown.py:50 Dropdown List - All Tests Passed<br/></div></td></tr></tbody>
      <tbody class="passed results-table-row">
        <tr>
          <td class="col-result">Passed</td>
          <td class="col-name">test_End_To_End.py::TestDynamicContent::test_dynamic_content</td>
          <td class="col-duration">18.24</td>
          <td class="col-links"></td></tr>
        <tr>
          <td class="extra" colspan="4">
            <div class="log"> -------------------------------Captured log call-------------------------------- <br/>INFO     test_dynamic_content:test_Page_DynamicContent.py:26 TEST START
INFO     test_dynamic_content:test_Page_DynamicContent.py:33 URL: https://the-internet.herokuapp.com/dynamic_content
INFO     test_dynamic_content:test_Page_DynamicContent.py:39 Header: Dynamic Content
INFO     test_dynamic_content:test_Page_DynamicContent.py:80 Images: Passed
INFO     test_dynamic_content:test_Page_DynamicContent.py:86 Texts: Passed
INFO     test_dynamic_content:test_Page_DynamicContent.py:90 Dynamic Content - All Tests Passed<br/></div></td></tr></tbody>
      <tbody class="passed results-table-row">
        <tr>
          <td class="col-result">Passed</td>
          <td class="col-name">test_End_To_End.py::TestDynamicControls::test_dynamic_controls</td>
          <td class="col-duration">22.92</td>
          <td class="col-links"></td></tr>
        <tr>
          <td class="extra" colspan="4">
            <div class="log"> -------------------------------Captured log call-------------------------------- <br/>INFO     test_dynamic_controls:test_Page_DynamicControls.py:22 TEST START
INFO     test_dynamic_controls:test_Page_DynamicControls.py:29 URL Passed: https://the-internet.herokuapp.com/dynamic_controls
INFO     test_dynamic_controls:test_Page_DynamicControls.py:35 Header Passed: Dynamic Controls
INFO     test_dynamic_controls:test_Page_DynamicControls.py:48 Add/Remove Button: It&#x27;s gone!
INFO     test_dynamic_controls:test_Page_DynamicControls.py:61 Enable/Disable Button: It&#x27;s enabled!
INFO     test_dynamic_controls:test_Page_DynamicControls.py:65 Dynamic Controls - All Tests Passed<br/></div></td></tr></tbody>
      <tbody class="passed results-table-row">
        <tr>
          <td class="col-result">Passed</td>
          <td class="col-name">test_End_To_End.py::TestDynamicLoading::test_dynamic_loading</td>
          <td class="col-duration">26.35</td>
          <td class="col-links"></td></tr>
        <tr>
          <td class="extra" colspan="4">
            <div class="log"> -------------------------------Captured log call-------------------------------- <br/>INFO     test_dynamic_loading:test_Page_DynamicLoading.py:21 TEST START
INFO     test_dynamic_loading:test_Page_DynamicLoading.py:28 URL: https://the-internet.herokuapp.com/dynamic_loading
INFO     test_dynamic_loading:test_Page_DynamicLoading.py:34 Header: Dynamically Loaded Page Elements
INFO     test_dynamic_loading:test_Page_DynamicLoading.py:46 Example 1: Passed
INFO     test_dynamic_loading:test_Page_DynamicLoading.py:64 Example 2: Passed
INFO     test_dynamic_loading:test_Page_DynamicLoading.py:68 Dynamically Loaded Page Elements - All Tests Passed<br/></div></td></tr></tbody>
      <tbody class="passed results-table-row">
        <tr>
          <td class="col-result">Passed</td>
          <td class="col-name">test_End_To_End.py::TestEntryAd::test_entry_ad</td>
          <td class="col-duration">6.73</td>
          <td class="col-links"></td></tr>
        <tr>
          <td class="extra" colspan="4">
            <div class="log"> -------------------------------Captured log call-------------------------------- <br/>INFO     test_entry_ad:test_Page_EntryAd.py:21 TEST START
INFO     test_entry_ad:test_Page_EntryAd.py:28 URL: https://the-internet.herokuapp.com/entry_ad
INFO     test_entry_ad:test_Page_EntryAd.py:34 Header: Entry Ad
INFO     test_entry_ad:test_Page_EntryAd.py:40 Modal Header: 
INFO     test_entry_ad:test_Page_EntryAd.py:54 Modal Window: Passed
INFO     test_entry_ad:test_Page_EntryAd.py:58 Entry Ad - All Tests Passed<br/></div></td></tr></tbody>
      <tbody class="passed results-table-row">
        <tr>
          <td class="col-result">Passed</td>
          <td class="col-name">test_End_To_End.py::TestFloatingMenu::test_floating_menu</td>
          <td class="col-duration">8.82</td>
          <td class="col-links"></td></tr>
        <tr>
          <td class="extra" colspan="4">
            <div class="log"> -------------------------------Captured log call-------------------------------- <br/>INFO     test_floating_menu:test_Page_FloatingMenu.py:22 TEST START
INFO     test_floating_menu:test_Page_FloatingMenu.py:28 URL: https://the-internet.herokuapp.com/floating_menu
INFO     test_floating_menu:test_Page_FloatingMenu.py:33 Header: Floating Menu
INFO     test_floating_menu:test_Page_FloatingMenu.py:60 Floating Menu - All Tests Passed<br/></div></td></tr></tbody>
      <tbody class="passed results-table-row">
        <tr>
          <td class="col-result">Passed</td>
          <td class="col-name">test_End_To_End.py::TestForgotPassword::test_forgot_password</td>
          <td class="col-duration">3.00</td>
          <td class="col-links"></td></tr>
        <tr>
          <td class="extra" colspan="4">
            <div class="log"> -------------------------------Captured log call-------------------------------- <br/>INFO     test_forgot_password:test_Page_ForgotPassword.py:21 TEST START
INFO     test_forgot_password:test_Page_ForgotPassword.py:28 URL: https://the-internet.herokuapp.com/forgot_password
INFO     test_forgot_password:test_Page_ForgotPassword.py:34 Header: Forgot Password
INFO     test_forgot_password:test_Page_ForgotPassword.py:45 Check: Passed
INFO     test_forgot_password:test_Page_ForgotPassword.py:49 Forgot Password - All Tests Passed<br/></div></td></tr></tbody>
      <tbody class="passed results-table-row">
        <tr>
          <td class="col-result">Passed</td>
          <td class="col-name">test_End_To_End.py::TestFormAuth::test_form_authorities</td>
          <td class="col-duration">4.61</td>
          <td class="col-links"></td></tr>
        <tr>
          <td class="extra" colspan="4">
            <div class="log"> -------------------------------Captured log call-------------------------------- <br/>INFO     test_form_authorities:test_Page_FormAuth.py:23 TEST START
INFO     test_form_authorities:test_Page_FormAuth.py:29 URL: https://the-internet.herokuapp.com/login
INFO     test_form_authorities:test_Page_FormAuth.py:34 Header: Login Page
INFO     test_form_authorities:test_Page_FormAuth.py:59 Login Check: Passed
INFO     test_form_authorities:test_Page_FormAuth.py:63 Login Page - All Tests Passed<br/></div></td></tr></tbody>
      <tbody class="passed results-table-row">
        <tr>
          <td class="col-result">Passed</td>
          <td class="col-name">test_End_To_End.py::TestFrames::test_frames</td>
          <td class="col-duration">2.93</td>
          <td class="col-links"></td></tr>
        <tr>
          <td class="extra" colspan="4">
            <div class="log"> -------------------------------Captured log call-------------------------------- <br/>INFO     test_frames:test_Page_Frames.py:19 TEST START
INFO     test_frames:test_Page_Frames.py:25 URL: https://the-internet.herokuapp.com/frames
INFO     test_frames:test_Page_Frames.py:30 Header: Frames
INFO     test_frames:test_Page_Frames.py:73 Frames - All Tests Passed<br/></div></td></tr></tbody>
      <tbody class="passed results-table-row">
        <tr>
          <td class="col-result">Passed</td>
          <td class="col-name">test_End_To_End.py::TestHorizontalSlider::test_horizontal_slider</td>
          <td class="col-duration">3.16</td>
          <td class="col-links"></td></tr>
        <tr>
          <td class="extra" colspan="4">
            <div class="log"> -------------------------------Captured log call-------------------------------- <br/>INFO     test_horizontal_slider:test_Page_HorizontalSlider.py:21 TEST START
INFO     test_horizontal_slider:test_Page_HorizontalSlider.py:27 URL: https://the-internet.herokuapp.com/horizontal_slider
INFO     test_horizontal_slider:test_Page_HorizontalSlider.py:32 Header: Horizontal Slider
INFO     test_horizontal_slider:test_Page_HorizontalSlider.py:40 Moved: 2.5
INFO     test_horizontal_slider:test_Page_HorizontalSlider.py:45 Horizontal Slider - All Tests Passed<br/></div></td></tr></tbody>
      <tbody class="passed results-table-row">
        <tr>
          <td class="col-result">Passed</td>
          <td class="col-name">test_End_To_End.py::TestInfiniteScroll::test_infinite_scroll</td>
          <td class="col-duration">2.68</td>
          <td class="col-links"></td></tr>
        <tr>
          <td class="extra" colspan="4">
            <div class="log"> -------------------------------Captured log call-------------------------------- <br/>INFO     test_infinite_scroll:test_Page_InfiniteScroll.py:20 TEST START
INFO     test_infinite_scroll:test_Page_InfiniteScroll.py:26 URL: https://the-internet.herokuapp.com/infinite_scroll
INFO     test_infinite_scroll:test_Page_InfiniteScroll.py:31 Header: Infinite Scroll
INFO     test_infinite_scroll:test_Page_InfiniteScroll.py:47 Infinite Scroll - All Tests Passed<br/></div></td></tr></tbody>
      <tbody class="passed results-table-row">
        <tr>
          <td class="col-result">Passed</td>
          <td class="col-name">test_End_To_End.py::TestInputs::test_inputs</td>
          <td class="col-duration">9.31</td>
          <td class="col-links"></td></tr>
        <tr>
          <td class="extra" colspan="4">
            <div class="log"> -------------------------------Captured log call-------------------------------- <br/>INFO     test_inputs:test_Page_Inputs.py:21 TEST START
INFO     test_inputs:test_Page_Inputs.py:27 URL: https://the-internet.herokuapp.com/inputs
INFO     test_inputs:test_Page_Inputs.py:32 Header: Inputs
INFO     test_inputs:test_Page_Inputs.py:41 Decrease: -5
INFO     test_inputs:test_Page_Inputs.py:50 Increase: 5
INFO     test_inputs:test_Page_Inputs.py:54 Inputs - All Tests Passed<br/></div></td></tr></tbody>
      <tbody class="passed results-table-row">
        <tr>
          <td class="col-result">Passed</td>
          <td class="col-name">test_End_To_End.py::TestJavaScriptAlerts::test_java_script_alerts</td>
          <td class="col-duration">27.06</td>
          <td class="col-links"></td></tr>
        <tr>
          <td class="extra" colspan="4">
            <div class="log"> -------------------------------Captured log call-------------------------------- <br/>INFO     test_java_script_alerts:test_Page_JavaScriptAlerts.py:20 TEST START
INFO     test_java_script_alerts:test_Page_JavaScriptAlerts.py:26 URL: https://the-internet.herokuapp.com/javascript_alerts
INFO     test_java_script_alerts:test_Page_JavaScriptAlerts.py:31 Header: JavaScript Alerts
INFO     test_java_script_alerts:test_Page_JavaScriptAlerts.py:42 JS Alert: You successfully clicked an alert
INFO     test_java_script_alerts:test_Page_JavaScriptAlerts.py:52 JS Confirm: You clicked: Cancel
INFO     test_java_script_alerts:test_Page_JavaScriptAlerts.py:62 JS Confirm: You clicked: Ok
INFO     test_java_script_alerts:test_Page_JavaScriptAlerts.py:72 JS Prompt: You entered: null
INFO     test_java_script_alerts:test_Page_JavaScriptAlerts.py:82 JS Prompt: You entered:
INFO     test_java_script_alerts:test_Page_JavaScriptAlerts.py:94 JS Prompt: You entered: test
INFO     test_java_script_alerts:test_Page_JavaScriptAlerts.py:98 JavaScript Alerts - All Tests Passed<br/></div></td></tr></tbody>
      <tbody class="passed results-table-row">
        <tr>
          <td class="col-result">Passed</td>
          <td class="col-name">test_End_To_End.py::TestKeyPresses::test_key_presses</td>
          <td class="col-duration">2.80</td>
          <td class="col-links"></td></tr>
        <tr>
          <td class="extra" colspan="4">
            <div class="log"> -------------------------------Captured log call-------------------------------- <br/>INFO     test_key_presses:test_Page_KeyPresses.py:20 TEST START
INFO     test_key_presses:test_Page_KeyPresses.py:26 URL: https://the-internet.herokuapp.com/key_presses
INFO     test_key_presses:test_Page_KeyPresses.py:31 Header: Key Presses
INFO     test_key_presses:test_Page_KeyPresses.py:38 You entered: 7
INFO     test_key_presses:test_Page_KeyPresses.py:44 You entered: Q
INFO     test_key_presses:test_Page_KeyPresses.py:50 You entered: SLASH
INFO     test_key_presses:test_Page_KeyPresses.py:54 Key Presses - All Tests Passed<br/></div></td></tr></tbody>
      <tbody class="passed results-table-row">
        <tr>
          <td class="col-result">Passed</td>
          <td class="col-name">test_End_To_End.py::TestLargeDeepDOM::test_large_deep_dom</td>
          <td class="col-duration">2.95</td>
          <td class="col-links"></td></tr>
        <tr>
          <td class="extra" colspan="4">
            <div class="log"> -------------------------------Captured log call-------------------------------- <br/>INFO     test_large_deep_dom:test_Page_LargeDeepDOM.py:19 TEST START
INFO     test_large_deep_dom:test_Page_LargeDeepDOM.py:25 URL: https://the-internet.herokuapp.com/large
INFO     test_large_deep_dom:test_Page_LargeDeepDOM.py:30 Header: Large &amp; Deep DOM
INFO     test_large_deep_dom:test_Page_LargeDeepDOM.py:57 Large &amp; Deep DOM - All Tests Passed<br/></div></td></tr></tbody>
      <tbody class="passed results-table-row">
        <tr>
          <td class="col-result">Passed</td>
          <td class="col-name">test_End_To_End.py::TestMultipleWindows::test_multiple_windows</td>
          <td class="col-duration">2.71</td>
          <td class="col-links"></td></tr>
        <tr>
          <td class="extra" colspan="4">
            <div class="log"> -------------------------------Captured log call-------------------------------- <br/>INFO     test_multiple_windows:test_Page_MultipleWindows.py:19 TEST START
INFO     test_multiple_windows:test_Page_MultipleWindows.py:25 URL: https://the-internet.herokuapp.com/windows
INFO     test_multiple_windows:test_Page_MultipleWindows.py:30 Header: Opening a new window
INFO     test_multiple_windows:test_Page_MultipleWindows.py:36 New Window
INFO     test_multiple_windows:test_Page_MultipleWindows.py:42 Opening a new window - All Tests Passed<br/></div></td></tr></tbody>
      <tbody class="passed results-table-row">
        <tr>
          <td class="col-result">Passed</td>
          <td class="col-name">test_End_To_End.py::TestNotificationMessages::test_notification_messages</td>
          <td class="col-duration">5.98</td>
          <td class="col-links"></td></tr>
        <tr>
          <td class="extra" colspan="4">
            <div class="log"> -------------------------------Captured log call-------------------------------- <br/>INFO     test_notification_messages:test_Page_NotificationMessages.py:19 TEST START
INFO     test_notification_messages:test_Page_NotificationMessages.py:25 URL: https://the-internet.herokuapp.com/notification_message_rendered
INFO     test_notification_messages:test_Page_NotificationMessages.py:30 Header: Notification Message
INFO     test_notification_messages:test_Page_NotificationMessages.py:62 Notification Message - All Tests Passed<br/></div></td></tr></tbody>
      <tbody class="passed results-table-row">
        <tr>
          <td class="col-result">Passed</td>
          <td class="col-name">test_End_To_End.py::TestRedirectLink::test_redirect_link</td>
          <td class="col-duration">3.03</td>
          <td class="col-links"></td></tr>
        <tr>
          <td class="extra" colspan="4">
            <div class="log"> -------------------------------Captured log call-------------------------------- <br/>INFO     test_redirect_link:test_Page_RedirectLink.py:19 TEST START
INFO     test_redirect_link:test_Page_RedirectLink.py:26 URL: https://the-internet.herokuapp.com/redirector
INFO     test_redirect_link:test_Page_RedirectLink.py:32 Header: Redirection
INFO     test_redirect_link:test_Page_RedirectLink.py:39 Redirected: https://the-internet.herokuapp.com/status_codes
INFO     test_redirect_link:test_Page_RedirectLink.py:43 Redirection - All Tests Passed<br/></div></td></tr></tbody>
      <tbody class="passed results-table-row">
        <tr>
          <td class="col-result">Passed</td>
          <td class="col-name">test_End_To_End.py::TestShadowDOM::test_shadow_dom</td>
          <td class="col-duration">2.64</td>
          <td class="col-links"></td></tr>
        <tr>
          <td class="extra" colspan="4">
            <div class="log"> -------------------------------Captured log call-------------------------------- <br/>INFO     test_shadow_dom:test_Page_ShadowDOM.py:19 TEST START
INFO     test_shadow_dom:test_Page_ShadowDOM.py:25 URL: https://the-internet.herokuapp.com/shadowdom
INFO     test_shadow_dom:test_Page_ShadowDOM.py:30 Header: Simple template
INFO     test_shadow_dom:test_Page_ShadowDOM.py:39 Text Elements Passed
INFO     test_shadow_dom:test_Page_ShadowDOM.py:44 Simple template - All Tests Passed<br/></div></td></tr></tbody>
      <tbody class="passed results-table-row">
        <tr>
          <td class="col-result">Passed</td>
          <td class="col-name">test_End_To_End.py::TestSlowResources::test_slow_resources</td>
          <td class="col-duration">2.56</td>
          <td class="col-links"></td></tr>
        <tr>
          <td class="extra" colspan="4">
            <div class="log"> -------------------------------Captured log call-------------------------------- <br/>INFO     test_slow_resources:test_Page_SlowResources.py:20 TEST START
INFO     test_slow_resources:test_Page_SlowResources.py:26 URL: https://the-internet.herokuapp.com/slow
INFO     test_slow_resources:test_Page_SlowResources.py:31 Header: Slow Resources
INFO     test_slow_resources:test_Page_SlowResources.py:49 Slow Resources - All Tests Passed<br/></div></td></tr></tbody>
      <tbody class="passed results-table-row">
        <tr>
          <td class="col-result">Passed</td>
          <td class="col-name">test_End_To_End.py::TestWYSIWYG_Editor::test_wysiwyg_editor</td>
          <td class="col-duration">3.33</td>
          <td class="col-links"></td></tr>
        <tr>
          <td class="extra" colspan="4">
            <div class="log"> -------------------------------Captured log call-------------------------------- <br/>INFO     test_wysiwyg_editor:test_Page_WYSIWYG_Editor.py:22 TEST START
INFO     test_wysiwyg_editor:test_Page_WYSIWYG_Editor.py:28 URL: https://the-internet.herokuapp.com/tinymce
INFO     test_wysiwyg_editor:test_Page_WYSIWYG_Editor.py:33 Header: An iFrame containing the TinyMCE WYSIWYG Editor
INFO     test_wysiwyg_editor:test_Page_WYSIWYG_Editor.py:42 iFrame: Passed
INFO     test_wysiwyg_editor:test_Page_WYSIWYG_Editor.py:47 An iFrame containing the TinyMCE WYSIWYG Editor - All Tests Passed<br/></div></td></tr></tbody></table></body></html>